#
# There is insufficient memory for the Java Runtime Environment to continue.
# Native memory allocation (malloc) failed to allocate 1098096 bytes for Chunk::new
# Possible reasons:
#   The system is out of physical RAM or swap space
#   The process is running with CompressedOops enabled, and the Java Heap may be blocking the growth of the native heap
# Possible solutions:
#   Reduce memory load on the system
#   Increase physical memory or swap space
#   Check if swap backing store is full
#   Decrease Java heap size (-Xmx/-Xms)
#   Decrease number of Java threads
#   Decrease Java thread stack sizes (-Xss)
#   Set larger code cache with -XX:ReservedCodeCacheSize=
#   JVM is running with Unscaled Compressed Oops mode in which the Java heap is
#     placed in the first 4GB address space. The Java Heap base address is the
#     maximum limit for the native heap growth. Please use -XX:HeapBaseMinAddress
#     to set the Java Heap base and to place the Java Heap above 4GB virtual address.
# This output file may be truncated or incomplete.
#
#  Out of Memory Error (src/hotspot/share/memory/arena.cpp:197), pid=11032, tid=17396
#
# JRE version: OpenJDK Runtime Environment (11.0.15) (build 11.0.15+0-b2043.56-9505619)
# Java VM: OpenJDK 64-Bit Server VM (11.0.15+0-b2043.56-9505619, mixed mode, tiered, compressed oops, g1 gc, windows-amd64)
# No core dump will be written. Minidumps are not enabled by default on client versions of Windows
#

---------------  S U M M A R Y ------------

Command Line: --add-opens=java.base/java.util=ALL-UNNAMED --add-opens=java.base/java.lang=ALL-UNNAMED --add-opens=java.base/java.lang.invoke=ALL-UNNAMED --add-opens=java.base/java.util=ALL-UNNAMED --add-opens=java.prefs/java.util.prefs=ALL-UNNAMED --add-opens=java.prefs/java.util.prefs=ALL-UNNAMED --add-opens=java.base/java.nio.charset=ALL-UNNAMED --add-opens=java.base/java.net=ALL-UNNAMED --add-opens=java.base/java.util.concurrent.atomic=ALL-UNNAMED -Xmx2048m -Dfile.encoding=UTF-8 -Duser.country=ID -Duser.language=en -Duser.variant org.gradle.launcher.daemon.bootstrap.GradleDaemon 7.4

Host: AMD Ryzen 5 3550H with Radeon Vega Mobile Gfx  , 8 cores, 5G,  Windows 11 , 64 bit Build 22621 (10.0.22621.1194)
Time: Sun Mar 12 08:59:14 2023 SE Asia Standard Time elapsed time: 19.793133 seconds (0d 0h 0m 19s)

---------------  T H R E A D  ---------------

Current thread (0x000002546164f800):  JavaThread "C2 CompilerThread1" daemon [_thread_in_native, id=17396, stack(0x0000006155c00000,0x0000006155d00000)]


Current CompileTask:
C2:  19793 7171       4       java.util.TreeMap::put (247 bytes)

Stack: [0x0000006155c00000,0x0000006155d00000]
Native frames: (J=compiled Java code, j=interpreted, Vv=VM code, C=native code)
V  [jvm.dll+0x64135a]
V  [jvm.dll+0x7d39f9]
V  [jvm.dll+0x7d51b9]
V  [jvm.dll+0x7d58a3]
V  [jvm.dll+0x2691c5]
V  [jvm.dll+0xc1a5c]
V  [jvm.dll+0xc200c]
V  [jvm.dll+0x377462]
V  [jvm.dll+0x342495]
V  [jvm.dll+0x34186a]
V  [jvm.dll+0x2214bd]
V  [jvm.dll+0x220498]
V  [jvm.dll+0x19e851]
V  [jvm.dll+0x230479]
V  [jvm.dll+0x22e5ef]
V  [jvm.dll+0x794de1]
V  [jvm.dll+0x78dc24]
V  [jvm.dll+0x6400f6]
C  [ucrtbase.dll+0x29363]
C  [KERNEL32.DLL+0x126bd]
C  [ntdll.dll+0x5dfb8]


---------------  P R O C E S S  ---------------

Threads class SMR info:
_java_thread_list=0x0000025466070a70, length=124, elements={
0x0000025445572800, 0x000002545f9ff000, 0x000002545fa08800, 0x0000025460383800,
0x000002545fa18800, 0x000002545fa19800, 0x000002545fa1c000, 0x000002545fa2c800,
0x000002545fa2f800, 0x00000254604d1800, 0x00000254613d9000, 0x000002546057b000,
0x0000025461289800, 0x0000025461776000, 0x00000254624b8800, 0x0000025462935800,
0x0000025462937000, 0x0000025461090000, 0x0000025462ce7000, 0x0000025461091000,
0x00000254611b5000, 0x00000254611b1000, 0x00000254611b2800, 0x00000254611b7800,
0x00000254611b6000, 0x00000254611b7000, 0x00000254611b2000, 0x00000254611b3800,
0x00000254611b4800, 0x0000025462ae5000, 0x0000025462ae5800, 0x0000025462ae6800,
0x000002546164f800, 0x0000025462ae7800, 0x0000025462ae3800, 0x0000025462ae4000,
0x0000025462aea800, 0x0000025462aeb800, 0x0000025462aef800, 0x0000025462aec800,
0x0000025462aed000, 0x0000025462aea000, 0x0000025462aee800, 0x0000025462af1000,
0x0000025462af0800, 0x0000025462af2000, 0x0000025462aee000, 0x0000025462d5c800,
0x0000025462d5a000, 0x0000025462d5c000, 0x0000025462d5d800, 0x0000025462d60000,
0x0000025462d60800, 0x0000025462d5b000, 0x0000025462d64000, 0x0000025462d5f000,
0x0000025462d61800, 0x0000025462d5e000, 0x0000025462d62800, 0x0000025462d66800,
0x0000025462d65000, 0x0000025462d65800, 0x0000025462d67000, 0x0000025462d69000,
0x0000025462d63000, 0x0000025462d68000, 0x000002546765d800, 0x000002546765c800,
0x0000025467658800, 0x000002546765b800, 0x0000025467657800, 0x000002546765e000,
0x0000025467659000, 0x000002546765a000, 0x000002546765b000, 0x0000025464273000,
0x0000025464271800, 0x0000025464272000, 0x000002546426f000, 0x0000025464274800,
0x0000025464274000, 0x0000025464270800, 0x0000025464275800, 0x0000025464270000,
0x000002546427c000, 0x0000025464279800, 0x0000025464279000, 0x000002546427a800,
0x0000025464276800, 0x0000025464278000, 0x000002546427d000, 0x0000025464277000,
0x000002546427b000, 0x000002546427d800, 0x000002546435d800, 0x000002546435c800,
0x000002546435a000, 0x000002546435e000, 0x000002546435b800, 0x000002546435f000,
0x0000025464360000, 0x0000025464360800, 0x000002546435b000, 0x0000025464361800,
0x0000025464364800, 0x0000025464363000, 0x0000025464362000, 0x0000025464366800,
0x0000025464367000, 0x0000025464364000, 0x0000025464365800, 0x0000025464368000,
0x0000025464369000, 0x0000025467a29800, 0x0000025467a2a800, 0x0000025467a2d800,
0x0000025467a2b000, 0x0000025467a2c000, 0x0000025467a2d000, 0x0000025467a2e800,
0x0000025467a28800, 0x0000025467a2f000, 0x00000254664f0000, 0x0000025467a35000
}

Java Threads: ( => current thread )
  0x0000025445572800 JavaThread "main" [_thread_blocked, id=18688, stack(0x0000006152c00000,0x0000006152d00000)]
  0x000002545f9ff000 JavaThread "Reference Handler" daemon [_thread_blocked, id=15184, stack(0x0000006153300000,0x0000006153400000)]
  0x000002545fa08800 JavaThread "Finalizer" daemon [_thread_blocked, id=8284, stack(0x0000006153400000,0x0000006153500000)]
  0x0000025460383800 JavaThread "Signal Dispatcher" daemon [_thread_blocked, id=18516, stack(0x0000006153500000,0x0000006153600000)]
  0x000002545fa18800 JavaThread "Attach Listener" daemon [_thread_blocked, id=9132, stack(0x0000006153600000,0x0000006153700000)]
  0x000002545fa19800 JavaThread "Service Thread" daemon [_thread_blocked, id=9172, stack(0x0000006153700000,0x0000006153800000)]
  0x000002545fa1c000 JavaThread "C2 CompilerThread0" daemon [_thread_in_native, id=7324, stack(0x0000006153800000,0x0000006153900000)]
  0x000002545fa2c800 JavaThread "C1 CompilerThread0" daemon [_thread_in_native, id=12116, stack(0x0000006153900000,0x0000006153a00000)]
  0x000002545fa2f800 JavaThread "Sweeper thread" daemon [_thread_blocked, id=18636, stack(0x0000006153a00000,0x0000006153b00000)]
  0x00000254604d1800 JavaThread "Common-Cleaner" daemon [_thread_blocked, id=10888, stack(0x0000006153b00000,0x0000006153c00000)]
  0x00000254613d9000 JavaThread "Daemon health stats" [_thread_blocked, id=16060, stack(0x0000006153f00000,0x0000006154000000)]
  0x000002546057b000 JavaThread "Incoming local TCP Connector on port 53940" [_thread_in_native, id=18260, stack(0x0000006153d00000,0x0000006153e00000)]
  0x0000025461289800 JavaThread "Daemon periodic checks" [_thread_blocked, id=14516, stack(0x0000006154500000,0x0000006154600000)]
  0x0000025461776000 JavaThread "Daemon" [_thread_blocked, id=816, stack(0x0000006154600000,0x0000006154700000)]
  0x00000254624b8800 JavaThread "Handler for socket connection from /127.0.0.1:53940 to /127.0.0.1:53950" [_thread_in_native, id=4700, stack(0x0000006154700000,0x0000006154800000)]
  0x0000025462935800 JavaThread "Cancel handler" [_thread_blocked, id=8396, stack(0x0000006154800000,0x0000006154900000)]
  0x0000025462937000 JavaThread "Daemon worker" [_thread_in_Java, id=17124, stack(0x0000006154900000,0x0000006154a00000)]
  0x0000025461090000 JavaThread "Asynchronous log dispatcher for DefaultDaemonConnection: socket connection from /127.0.0.1:53940 to /127.0.0.1:53950" [_thread_blocked, id=1312, stack(0x0000006154a00000,0x0000006154b00000)]
  0x0000025462ce7000 JavaThread "Stdin handler" [_thread_blocked, id=3316, stack(0x0000006154b00000,0x0000006154c00000)]
  0x0000025461091000 JavaThread "Daemon client event forwarder" [_thread_blocked, id=11800, stack(0x0000006154c00000,0x0000006154d00000)]
  0x00000254611b5000 JavaThread "Cache worker for journal cache (C:\Users\HP\.gradle\caches\journal-1)" [_thread_blocked, id=14068, stack(0x0000006154f00000,0x0000006155000000)]
  0x00000254611b1000 JavaThread "File lock request listener" [_thread_in_native, id=4344, stack(0x0000006155000000,0x0000006155100000)]
  0x00000254611b2800 JavaThread "Cache worker for file hash cache (C:\Users\HP\.gradle\caches\7.4\fileHashes)" [_thread_blocked, id=8848, stack(0x0000006155100000,0x0000006155200000)]
  0x00000254611b7800 JavaThread "File watcher server" daemon [_thread_in_native, id=6920, stack(0x0000006155300000,0x0000006155400000)]
  0x00000254611b6000 JavaThread "File watcher consumer" daemon [_thread_blocked, id=10080, stack(0x0000006155400000,0x0000006155500000)]
  0x00000254611b7000 JavaThread "Cache worker for checksums cache (D:\All File\Kuliah\Materi Kuliah\Semester 4\5.Praktikum Pemrograman Aplikasi Perangkat Bergerak 2\4.Kuliah 4\ReadSensorData\.gradle\7.4\checksums)" [_thread_blocked, id=6336, stack(0x0000006155500000,0x0000006155600000)]
  0x00000254611b2000 JavaThread "Cache worker for cache directory md-rule (C:\Users\HP\.gradle\caches\7.4\md-rule)" [_thread_blocked, id=2940, stack(0x0000006155600000,0x0000006155700000)]
  0x00000254611b3800 JavaThread "Cache worker for file hash cache (D:\All File\Kuliah\Materi Kuliah\Semester 4\5.Praktikum Pemrograman Aplikasi Perangkat Bergerak 2\4.Kuliah 4\ReadSensorData\.gradle\7.4\fileHashes)" [_thread_blocked, id=2276, stack(0x0000006155700000,0x0000006155800000)]
  0x00000254611b4800 JavaThread "Cache worker for cache directory md-supplier (C:\Users\HP\.gradle\caches\7.4\md-supplier)" [_thread_blocked, id=20028, stack(0x0000006155800000,0x0000006155900000)]
  0x0000025462ae5000 JavaThread "Cache worker for execution history cache (C:\Users\HP\.gradle\caches\7.4\executionHistory)" [_thread_blocked, id=10952, stack(0x0000006155900000,0x0000006155a00000)]
  0x0000025462ae5800 JavaThread "jar transforms" [_thread_blocked, id=2160, stack(0x0000006155a00000,0x0000006155b00000)]
  0x0000025462ae6800 JavaThread "jar transforms Thread 2" [_thread_blocked, id=3032, stack(0x0000006155b00000,0x0000006155c00000)]
=>0x000002546164f800 JavaThread "C2 CompilerThread1" daemon [_thread_in_native, id=17396, stack(0x0000006155c00000,0x0000006155d00000)]
  0x0000025462ae7800 JavaThread "Cache worker for file content cache (C:\Users\HP\.gradle\caches\7.4\fileContent)" [_thread_blocked, id=7604, stack(0x0000006155e00000,0x0000006155f00000)]
  0x0000025462ae3800 JavaThread "jar transforms Thread 3" [_thread_blocked, id=1916, stack(0x0000006155d00000,0x0000006155e00000)]
  0x0000025462ae4000 JavaThread "jar transforms Thread 4" [_thread_blocked, id=16048, stack(0x0000006156000000,0x0000006156100000)]
  0x0000025462aea800 JavaThread "Cache worker for dependencies-accessors (D:\All File\Kuliah\Materi Kuliah\Semester 4\5.Praktikum Pemrograman Aplikasi Perangkat Bergerak 2\4.Kuliah 4\ReadSensorData\.gradle\7.4\dependencies-accessors)" [_thread_blocked, id=12600, stack(0x0000006156100000,0x0000006156200000)]
  0x0000025462aeb800 JavaThread "jar transforms Thread 5" [_thread_blocked, id=15164, stack(0x0000006156200000,0x0000006156300000)]
  0x0000025462aef800 JavaThread "Cache worker for Build Output Cleanup Cache (D:\All File\Kuliah\Materi Kuliah\Semester 4\5.Praktikum Pemrograman Aplikasi Perangkat Bergerak 2\4.Kuliah 4\ReadSensorData\.gradle\buildOutputCleanup)" [_thread_blocked, id=11248, stack(0x0000006155f00000,0x0000006156000000)]
  0x0000025462aec800 JavaThread "Unconstrained build operations" [_thread_blocked, id=16628, stack(0x0000006156300000,0x0000006156400000)]
  0x0000025462aed000 JavaThread "Unconstrained build operations Thread 2" [_thread_blocked, id=17032, stack(0x0000006156400000,0x0000006156500000)]
  0x0000025462aea000 JavaThread "Unconstrained build operations Thread 3" [_thread_blocked, id=13428, stack(0x0000006156500000,0x0000006156600000)]
  0x0000025462aee800 JavaThread "Unconstrained build operations Thread 4" [_thread_blocked, id=15580, stack(0x0000006156600000,0x0000006156700000)]
  0x0000025462af1000 JavaThread "Unconstrained build operations Thread 5" [_thread_blocked, id=15888, stack(0x0000006156700000,0x0000006156800000)]
  0x0000025462af0800 JavaThread "Unconstrained build operations Thread 6" [_thread_blocked, id=11096, stack(0x0000006156800000,0x0000006156900000)]
  0x0000025462af2000 JavaThread "Unconstrained build operations Thread 7" [_thread_blocked, id=17188, stack(0x0000006156900000,0x0000006156a00000)]
  0x0000025462aee000 JavaThread "Unconstrained build operations Thread 8" [_thread_blocked, id=5100, stack(0x0000006156a00000,0x0000006156b00000)]
  0x0000025462d5c800 JavaThread "Unconstrained build operations Thread 9" [_thread_blocked, id=2572, stack(0x0000006156b00000,0x0000006156c00000)]
  0x0000025462d5a000 JavaThread "Unconstrained build operations Thread 10" [_thread_blocked, id=14468, stack(0x0000006156c00000,0x0000006156d00000)]
  0x0000025462d5c000 JavaThread "Unconstrained build operations Thread 11" [_thread_blocked, id=17112, stack(0x0000006156d00000,0x0000006156e00000)]
  0x0000025462d5d800 JavaThread "Unconstrained build operations Thread 12" [_thread_blocked, id=9200, stack(0x0000006156e00000,0x0000006156f00000)]
  0x0000025462d60000 JavaThread "Unconstrained build operations Thread 13" [_thread_blocked, id=16832, stack(0x0000006156f00000,0x0000006157000000)]
  0x0000025462d60800 JavaThread "Unconstrained build operations Thread 14" [_thread_blocked, id=16480, stack(0x0000006157000000,0x0000006157100000)]
  0x0000025462d5b000 JavaThread "Unconstrained build operations Thread 15" [_thread_blocked, id=15624, stack(0x0000006157100000,0x0000006157200000)]
  0x0000025462d64000 JavaThread "Unconstrained build operations Thread 16" [_thread_blocked, id=19416, stack(0x0000006157200000,0x0000006157300000)]
  0x0000025462d5f000 JavaThread "Unconstrained build operations Thread 17" [_thread_blocked, id=18136, stack(0x0000006157300000,0x0000006157400000)]
  0x0000025462d61800 JavaThread "Unconstrained build operations Thread 18" [_thread_blocked, id=4144, stack(0x0000006157400000,0x0000006157500000)]
  0x0000025462d5e000 JavaThread "Unconstrained build operations Thread 19" [_thread_blocked, id=1156, stack(0x0000006157500000,0x0000006157600000)]
  0x0000025462d62800 JavaThread "Unconstrained build operations Thread 20" [_thread_blocked, id=19484, stack(0x0000006157600000,0x0000006157700000)]
  0x0000025462d66800 JavaThread "Unconstrained build operations Thread 21" [_thread_blocked, id=14800, stack(0x0000006157700000,0x0000006157800000)]
  0x0000025462d65000 JavaThread "Unconstrained build operations Thread 22" [_thread_blocked, id=4740, stack(0x0000006157800000,0x0000006157900000)]
  0x0000025462d65800 JavaThread "Unconstrained build operations Thread 23" [_thread_blocked, id=14988, stack(0x0000006157900000,0x0000006157a00000)]
  0x0000025462d67000 JavaThread "Unconstrained build operations Thread 24" [_thread_blocked, id=14720, stack(0x0000006157a00000,0x0000006157b00000)]
  0x0000025462d69000 JavaThread "Unconstrained build operations Thread 25" [_thread_blocked, id=20252, stack(0x0000006157b00000,0x0000006157c00000)]
  0x0000025462d63000 JavaThread "Unconstrained build operations Thread 26" [_thread_blocked, id=17740, stack(0x0000006157c00000,0x0000006157d00000)]
  0x0000025462d68000 JavaThread "Unconstrained build operations Thread 27" [_thread_blocked, id=10100, stack(0x0000006157d00000,0x0000006157e00000)]
  0x000002546765d800 JavaThread "Unconstrained build operations Thread 28" [_thread_blocked, id=16720, stack(0x0000006157e00000,0x0000006157f00000)]
  0x000002546765c800 JavaThread "Unconstrained build operations Thread 29" [_thread_blocked, id=17756, stack(0x0000006157f00000,0x0000006158000000)]
  0x0000025467658800 JavaThread "Unconstrained build operations Thread 30" [_thread_blocked, id=15864, stack(0x0000006158000000,0x0000006158100000)]
  0x000002546765b800 JavaThread "Unconstrained build operations Thread 31" [_thread_blocked, id=19560, stack(0x0000006158100000,0x0000006158200000)]
  0x0000025467657800 JavaThread "Unconstrained build operations Thread 32" [_thread_blocked, id=2540, stack(0x0000006158200000,0x0000006158300000)]
  0x000002546765e000 JavaThread "Unconstrained build operations Thread 33" [_thread_blocked, id=6008, stack(0x0000006158300000,0x0000006158400000)]
  0x0000025467659000 JavaThread "Unconstrained build operations Thread 34" [_thread_blocked, id=6364, stack(0x0000006158400000,0x0000006158500000)]
  0x000002546765a000 JavaThread "Unconstrained build operations Thread 35" [_thread_blocked, id=14728, stack(0x0000006158500000,0x0000006158600000)]
  0x000002546765b000 JavaThread "Unconstrained build operations Thread 36" [_thread_blocked, id=17284, stack(0x0000006158600000,0x0000006158700000)]
  0x0000025464273000 JavaThread "Unconstrained build operations Thread 37" [_thread_blocked, id=8676, stack(0x0000006158700000,0x0000006158800000)]
  0x0000025464271800 JavaThread "Unconstrained build operations Thread 38" [_thread_blocked, id=19488, stack(0x0000006158800000,0x0000006158900000)]
  0x0000025464272000 JavaThread "Unconstrained build operations Thread 39" [_thread_blocked, id=3980, stack(0x0000006158900000,0x0000006158a00000)]
  0x000002546426f000 JavaThread "Unconstrained build operations Thread 40" [_thread_blocked, id=15500, stack(0x0000006158a00000,0x0000006158b00000)]
  0x0000025464274800 JavaThread "Unconstrained build operations Thread 41" [_thread_blocked, id=7480, stack(0x0000006158b00000,0x0000006158c00000)]
  0x0000025464274000 JavaThread "Unconstrained build operations Thread 42" [_thread_blocked, id=13404, stack(0x0000006158c00000,0x0000006158d00000)]
  0x0000025464270800 JavaThread "Unconstrained build operations Thread 43" [_thread_blocked, id=15916, stack(0x0000006158d00000,0x0000006158e00000)]
  0x0000025464275800 JavaThread "Unconstrained build operations Thread 44" [_thread_blocked, id=7852, stack(0x0000006158e00000,0x0000006158f00000)]
  0x0000025464270000 JavaThread "Unconstrained build operations Thread 45" [_thread_blocked, id=10664, stack(0x0000006158f00000,0x0000006159000000)]
  0x000002546427c000 JavaThread "Unconstrained build operations Thread 46" [_thread_blocked, id=7200, stack(0x0000006159000000,0x0000006159100000)]
  0x0000025464279800 JavaThread "Unconstrained build operations Thread 47" [_thread_blocked, id=6736, stack(0x0000006159100000,0x0000006159200000)]
  0x0000025464279000 JavaThread "Unconstrained build operations Thread 48" [_thread_blocked, id=8884, stack(0x0000006159200000,0x0000006159300000)]
  0x000002546427a800 JavaThread "Unconstrained build operations Thread 49" [_thread_blocked, id=18344, stack(0x0000006159300000,0x0000006159400000)]
  0x0000025464276800 JavaThread "Unconstrained build operations Thread 50" [_thread_blocked, id=14556, stack(0x0000006159400000,0x0000006159500000)]
  0x0000025464278000 JavaThread "Unconstrained build operations Thread 51" [_thread_blocked, id=16000, stack(0x0000006159500000,0x0000006159600000)]
  0x000002546427d000 JavaThread "Unconstrained build operations Thread 52" [_thread_blocked, id=20240, stack(0x0000006159600000,0x0000006159700000)]
  0x0000025464277000 JavaThread "Unconstrained build operations Thread 53" [_thread_blocked, id=15984, stack(0x0000006159700000,0x0000006159800000)]
  0x000002546427b000 JavaThread "Unconstrained build operations Thread 54" [_thread_blocked, id=16872, stack(0x0000006159800000,0x0000006159900000)]
  0x000002546427d800 JavaThread "Unconstrained build operations Thread 55" [_thread_blocked, id=16444, stack(0x0000006159900000,0x0000006159a00000)]
  0x000002546435d800 JavaThread "Unconstrained build operations Thread 56" [_thread_blocked, id=15488, stack(0x0000006159a00000,0x0000006159b00000)]
  0x000002546435c800 JavaThread "Unconstrained build operations Thread 57" [_thread_blocked, id=15212, stack(0x0000006159b00000,0x0000006159c00000)]
  0x000002546435a000 JavaThread "Unconstrained build operations Thread 58" [_thread_blocked, id=1048, stack(0x0000006159c00000,0x0000006159d00000)]
  0x000002546435e000 JavaThread "Unconstrained build operations Thread 59" [_thread_blocked, id=8704, stack(0x0000006159d00000,0x0000006159e00000)]
  0x000002546435b800 JavaThread "Unconstrained build operations Thread 60" [_thread_blocked, id=19444, stack(0x0000006159e00000,0x0000006159f00000)]
  0x000002546435f000 JavaThread "Unconstrained build operations Thread 61" [_thread_blocked, id=9404, stack(0x0000006159f00000,0x000000615a000000)]
  0x0000025464360000 JavaThread "Unconstrained build operations Thread 62" [_thread_blocked, id=20148, stack(0x000000615a000000,0x000000615a100000)]
  0x0000025464360800 JavaThread "Unconstrained build operations Thread 63" [_thread_blocked, id=16728, stack(0x000000615a100000,0x000000615a200000)]
  0x000002546435b000 JavaThread "Unconstrained build operations Thread 64" [_thread_blocked, id=16792, stack(0x000000615a200000,0x000000615a300000)]
  0x0000025464361800 JavaThread "Unconstrained build operations Thread 65" [_thread_blocked, id=13976, stack(0x000000615a300000,0x000000615a400000)]
  0x0000025464364800 JavaThread "Unconstrained build operations Thread 66" [_thread_blocked, id=14904, stack(0x000000615a400000,0x000000615a500000)]
  0x0000025464363000 JavaThread "Unconstrained build operations Thread 67" [_thread_blocked, id=14696, stack(0x000000615a500000,0x000000615a600000)]
  0x0000025464362000 JavaThread "Unconstrained build operations Thread 68" [_thread_blocked, id=4752, stack(0x000000615a600000,0x000000615a700000)]
  0x0000025464366800 JavaThread "Unconstrained build operations Thread 69" [_thread_blocked, id=304, stack(0x000000615a700000,0x000000615a800000)]
  0x0000025464367000 JavaThread "Unconstrained build operations Thread 70" [_thread_blocked, id=16056, stack(0x000000615a800000,0x000000615a900000)]
  0x0000025464364000 JavaThread "Unconstrained build operations Thread 71" [_thread_blocked, id=16372, stack(0x000000615a900000,0x000000615aa00000)]
  0x0000025464365800 JavaThread "Unconstrained build operations Thread 72" [_thread_blocked, id=9116, stack(0x000000615aa00000,0x000000615ab00000)]
  0x0000025464368000 JavaThread "Unconstrained build operations Thread 73" [_thread_blocked, id=15596, stack(0x000000615ab00000,0x000000615ac00000)]
  0x0000025464369000 JavaThread "Unconstrained build operations Thread 74" [_thread_blocked, id=17652, stack(0x000000615ac00000,0x000000615ad00000)]
  0x0000025467a29800 JavaThread "Unconstrained build operations Thread 75" [_thread_blocked, id=13128, stack(0x000000615ad00000,0x000000615ae00000)]
  0x0000025467a2a800 JavaThread "Unconstrained build operations Thread 76" [_thread_blocked, id=2732, stack(0x000000615ae00000,0x000000615af00000)]
  0x0000025467a2d800 JavaThread "Unconstrained build operations Thread 77" [_thread_blocked, id=13284, stack(0x000000615af00000,0x000000615b000000)]
  0x0000025467a2b000 JavaThread "Unconstrained build operations Thread 78" [_thread_blocked, id=9248, stack(0x000000615b000000,0x000000615b100000)]
  0x0000025467a2c000 JavaThread "Unconstrained build operations Thread 79" [_thread_blocked, id=13848, stack(0x000000615b100000,0x000000615b200000)]
  0x0000025467a2d000 JavaThread "Unconstrained build operations Thread 80" [_thread_blocked, id=19712, stack(0x000000615b200000,0x000000615b300000)]
  0x0000025467a2e800 JavaThread "jar transforms Thread 6" [_thread_blocked, id=15296, stack(0x000000615b300000,0x000000615b400000)]
  0x0000025467a28800 JavaThread "jar transforms Thread 7" [_thread_blocked, id=12480, stack(0x000000615b400000,0x000000615b500000)]
  0x0000025467a2f000 JavaThread "jar transforms Thread 8" [_thread_blocked, id=964, stack(0x000000615b500000,0x000000615b600000)]
  0x00000254664f0000 JavaThread "C2 CompilerThread2" daemon [_thread_in_native, id=16452, stack(0x000000615b600000,0x000000615b700000)]
  0x0000025467a35000 JavaThread "Memory manager" [_thread_blocked, id=952, stack(0x000000615b700000,0x000000615b800000)]

Other Threads:
  0x000002545f9fb800 VMThread "VM Thread" [stack: 0x0000006153200000,0x0000006153300000] [id=17868]
  0x00000254604ed000 WatcherThread [stack: 0x0000006153c00000,0x0000006153d00000] [id=19284]
  0x000002544558b800 GCTaskThread "GC Thread#0" [stack: 0x0000006152d00000,0x0000006152e00000] [id=5596]
  0x000002546114c800 GCTaskThread "GC Thread#1" [stack: 0x0000006153e00000,0x0000006153f00000] [id=16116]
  0x000002546312d800 GCTaskThread "GC Thread#2" [stack: 0x0000006154000000,0x0000006154100000] [id=10760]
  0x000002546162d000 GCTaskThread "GC Thread#3" [stack: 0x0000006154100000,0x0000006154200000] [id=8856]
  0x0000025462ca8800 GCTaskThread "GC Thread#4" [stack: 0x0000006154200000,0x0000006154300000] [id=16824]
  0x0000025461d5d800 GCTaskThread "GC Thread#5" [stack: 0x0000006154300000,0x0000006154400000] [id=20360]
  0x0000025461b92800 GCTaskThread "GC Thread#6" [stack: 0x0000006154d00000,0x0000006154e00000] [id=16188]
  0x000002546294f800 GCTaskThread "GC Thread#7" [stack: 0x0000006154e00000,0x0000006154f00000] [id=12844]
  0x00000254455bc800 ConcurrentGCThread "G1 Main Marker" [stack: 0x0000006152e00000,0x0000006152f00000] [id=11120]
  0x00000254455bf800 ConcurrentGCThread "G1 Conc#0" [stack: 0x0000006152f00000,0x0000006153000000] [id=11308]
  0x0000025461796800 ConcurrentGCThread "G1 Conc#1" [stack: 0x0000006155200000,0x0000006155300000] [id=18052]
  0x000002545f850800 ConcurrentGCThread "G1 Refine#0" [stack: 0x0000006153000000,0x0000006153100000] [id=15228]
  0x0000025461a61800 ConcurrentGCThread "G1 Refine#1" [stack: 0x0000006154400000,0x0000006154500000] [id=19588]
  0x000002545f851800 ConcurrentGCThread "G1 Young RemSet Sampling" [stack: 0x0000006153100000,0x0000006153200000] [id=19684]

Threads with active compile tasks:
C2 CompilerThread0    19839 7224       4       org.objectweb.asm.Frame::putAbstractType (379 bytes)
C2 CompilerThread1    19839 7171       4       java.util.TreeMap::put (247 bytes)
C2 CompilerThread2    19839 7026 %     4       org.gradle.internal.instantiation.generator.AbstractClassGenerator::inspectType @ 207 (560 bytes)

VM state:not at safepoint (normal execution)

VM Mutex/Monitor currently owned by a thread: None

Heap address: 0x0000000080000000, size: 2048 MB, Compressed Oops mode: 32-bit
Narrow klass base: 0x0000000000000000, Narrow klass shift: 3
Compressed class space size: 1073741824 Address: 0x0000000100000000

Heap:
 garbage-first heap   total 118784K, used 78042K [0x0000000080000000, 0x0000000100000000)
  region size 1024K, 22 young (22528K), 3 survivors (3072K)
 Metaspace       used 74479K, capacity 76125K, committed 76380K, reserved 1116160K
  class space    used 9568K, capacity 10199K, committed 10316K, reserved 1048576K
Heap Regions: E=young(eden), S=young(survivor), O=old, HS=humongous(starts), HC=humongous(continues), CS=collection set, F=free, A=archive, TAMS=top-at-mark-start (previous, next)
|   0|0x0000000080000000, 0x0000000080100000, 0x0000000080100000|100%| O|  |TAMS 0x0000000080100000, 0x0000000080000000| Untracked 
|   1|0x0000000080100000, 0x0000000080200000, 0x0000000080200000|100%| O|  |TAMS 0x0000000080200000, 0x0000000080100000| Untracked 
|   2|0x0000000080200000, 0x0000000080300000, 0x0000000080300000|100%| O|  |TAMS 0x0000000080300000, 0x0000000080200000| Untracked 
|   3|0x0000000080300000, 0x0000000080400000, 0x0000000080400000|100%|HS|  |TAMS 0x0000000080400000, 0x0000000080300000| Complete 
|   4|0x0000000080400000, 0x0000000080500000, 0x0000000080500000|100%|HC|  |TAMS 0x0000000080500000, 0x0000000080400000| Complete 
|   5|0x0000000080500000, 0x0000000080600000, 0x0000000080600000|100%|HC|  |TAMS 0x0000000080600000, 0x0000000080500000| Complete 
|   6|0x0000000080600000, 0x0000000080700000, 0x0000000080700000|100%| O|  |TAMS 0x0000000080700000, 0x0000000080600000| Untracked 
|   7|0x0000000080700000, 0x0000000080800000, 0x0000000080800000|100%| O|  |TAMS 0x0000000080800000, 0x0000000080700000| Untracked 
|   8|0x0000000080800000, 0x00000000808ffff8, 0x0000000080900000| 99%| O|  |TAMS 0x00000000808ffff8, 0x0000000080800000| Untracked 
|   9|0x0000000080900000, 0x0000000080a00000, 0x0000000080a00000|100%| O|  |TAMS 0x0000000080a00000, 0x0000000080900000| Untracked 
|  10|0x0000000080a00000, 0x0000000080b00000, 0x0000000080b00000|100%| O|  |TAMS 0x0000000080b00000, 0x0000000080a00000| Untracked 
|  11|0x0000000080b00000, 0x0000000080c00000, 0x0000000080c00000|100%| O|  |TAMS 0x0000000080c00000, 0x0000000080b00000| Untracked 
|  12|0x0000000080c00000, 0x0000000080d00000, 0x0000000080d00000|100%| O|  |TAMS 0x0000000080d00000, 0x0000000080c00000| Untracked 
|  13|0x0000000080d00000, 0x0000000080e00000, 0x0000000080e00000|100%| O|  |TAMS 0x0000000080e00000, 0x0000000080d00000| Untracked 
|  14|0x0000000080e00000, 0x0000000080f00000, 0x0000000080f00000|100%| O|  |TAMS 0x0000000080f00000, 0x0000000080e00000| Untracked 
|  15|0x0000000080f00000, 0x0000000081000000, 0x0000000081000000|100%| O|  |TAMS 0x0000000081000000, 0x0000000080f00000| Untracked 
|  16|0x0000000081000000, 0x0000000081100000, 0x0000000081100000|100%| O|  |TAMS 0x0000000081100000, 0x0000000081000000| Untracked 
|  17|0x0000000081100000, 0x0000000081200000, 0x0000000081200000|100%| O|  |TAMS 0x0000000081200000, 0x0000000081100000| Untracked 
|  18|0x0000000081200000, 0x0000000081300000, 0x0000000081300000|100%| O|  |TAMS 0x0000000081300000, 0x0000000081200000| Untracked 
|  19|0x0000000081300000, 0x0000000081400000, 0x0000000081400000|100%| O|  |TAMS 0x0000000081400000, 0x0000000081300000| Untracked 
|  20|0x0000000081400000, 0x0000000081500000, 0x0000000081500000|100%| O|  |TAMS 0x0000000081500000, 0x0000000081400000| Untracked 
|  21|0x0000000081500000, 0x0000000081600000, 0x0000000081600000|100%| O|  |TAMS 0x0000000081600000, 0x0000000081500000| Untracked 
|  22|0x0000000081600000, 0x0000000081700000, 0x0000000081700000|100%| O|  |TAMS 0x0000000081700000, 0x0000000081600000| Untracked 
|  23|0x0000000081700000, 0x0000000081800000, 0x0000000081800000|100%| O|  |TAMS 0x0000000081800000, 0x0000000081700000| Untracked 
|  24|0x0000000081800000, 0x0000000081900000, 0x0000000081900000|100%| O|  |TAMS 0x0000000081900000, 0x0000000081800000| Untracked 
|  25|0x0000000081900000, 0x0000000081a00000, 0x0000000081a00000|100%| O|  |TAMS 0x0000000081a00000, 0x0000000081900000| Untracked 
|  26|0x0000000081a00000, 0x0000000081b00000, 0x0000000081b00000|100%| O|  |TAMS 0x0000000081b00000, 0x0000000081a00000| Untracked 
|  27|0x0000000081b00000, 0x0000000081c00000, 0x0000000081c00000|100%| O|  |TAMS 0x0000000081c00000, 0x0000000081b00000| Untracked 
|  28|0x0000000081c00000, 0x0000000081d00000, 0x0000000081d00000|100%| O|  |TAMS 0x0000000081d00000, 0x0000000081c00000| Untracked 
|  29|0x0000000081d00000, 0x0000000081e00000, 0x0000000081e00000|100%| O|  |TAMS 0x0000000081e00000, 0x0000000081d00000| Untracked 
|  30|0x0000000081e00000, 0x0000000081f00000, 0x0000000081f00000|100%|HS|  |TAMS 0x0000000081f00000, 0x0000000081e00000| Complete 
|  31|0x0000000081f00000, 0x0000000082000000, 0x0000000082000000|100%|HS|  |TAMS 0x0000000082000000, 0x0000000081f00000| Complete 
|  32|0x0000000082000000, 0x0000000082100000, 0x0000000082100000|100%| O|  |TAMS 0x0000000082100000, 0x0000000082000000| Untracked 
|  33|0x0000000082100000, 0x0000000082200000, 0x0000000082200000|100%|HS|  |TAMS 0x0000000082200000, 0x0000000082100000| Complete 
|  34|0x0000000082200000, 0x0000000082300000, 0x0000000082300000|100%|HC|  |TAMS 0x0000000082300000, 0x0000000082200000| Complete 
|  35|0x0000000082300000, 0x0000000082400000, 0x0000000082400000|100%| O|  |TAMS 0x0000000082400000, 0x0000000082300000| Untracked 
|  36|0x0000000082400000, 0x0000000082500000, 0x0000000082500000|100%| O|  |TAMS 0x0000000082500000, 0x0000000082400000| Untracked 
|  37|0x0000000082500000, 0x0000000082600000, 0x0000000082600000|100%| O|  |TAMS 0x0000000082600000, 0x0000000082500000| Untracked 
|  38|0x0000000082600000, 0x0000000082700000, 0x0000000082700000|100%| O|  |TAMS 0x0000000082700000, 0x0000000082600000| Untracked 
|  39|0x0000000082700000, 0x0000000082800000, 0x0000000082800000|100%| O|  |TAMS 0x0000000082800000, 0x0000000082700000| Untracked 
|  40|0x0000000082800000, 0x0000000082900000, 0x0000000082900000|100%| O|  |TAMS 0x0000000082900000, 0x0000000082800000| Untracked 
|  41|0x0000000082900000, 0x0000000082a00000, 0x0000000082a00000|100%| O|  |TAMS 0x0000000082a00000, 0x0000000082900000| Untracked 
|  42|0x0000000082a00000, 0x0000000082b00000, 0x0000000082b00000|100%| O|  |TAMS 0x0000000082b00000, 0x0000000082a00000| Untracked 
|  43|0x0000000082b00000, 0x0000000082c00000, 0x0000000082c00000|100%| O|  |TAMS 0x0000000082c00000, 0x0000000082b00000| Untracked 
|  44|0x0000000082c00000, 0x0000000082d00000, 0x0000000082d00000|100%| O|  |TAMS 0x0000000082d00000, 0x0000000082c00000| Untracked 
|  45|0x0000000082d00000, 0x0000000082e00000, 0x0000000082e00000|100%| O|  |TAMS 0x0000000082e00000, 0x0000000082d00000| Untracked 
|  46|0x0000000082e00000, 0x0000000082f00000, 0x0000000082f00000|100%| O|  |TAMS 0x0000000082f00000, 0x0000000082e00000| Untracked 
|  47|0x0000000082f00000, 0x0000000083000000, 0x0000000083000000|100%| O|  |TAMS 0x0000000083000000, 0x0000000082f00000| Untracked 
|  48|0x0000000083000000, 0x0000000083100000, 0x0000000083100000|100%| O|  |TAMS 0x0000000083100000, 0x0000000083000000| Untracked 
|  49|0x0000000083100000, 0x0000000083200000, 0x0000000083200000|100%| O|  |TAMS 0x0000000083200000, 0x0000000083100000| Untracked 
|  50|0x0000000083200000, 0x0000000083300000, 0x0000000083300000|100%| O|  |TAMS 0x0000000083300000, 0x0000000083200000| Untracked 
|  51|0x0000000083300000, 0x0000000083400000, 0x0000000083400000|100%| O|  |TAMS 0x0000000083400000, 0x0000000083300000| Untracked 
|  52|0x0000000083400000, 0x0000000083500000, 0x0000000083500000|100%| O|  |TAMS 0x0000000083500000, 0x0000000083400000| Untracked 
|  53|0x0000000083500000, 0x0000000083600000, 0x0000000083600000|100%| O|  |TAMS 0x0000000083600000, 0x0000000083500000| Untracked 
|  54|0x0000000083600000, 0x0000000083700000, 0x0000000083700000|100%| O|  |TAMS 0x0000000083615a00, 0x0000000083600000| Untracked 
|  55|0x0000000083700000, 0x0000000083782200, 0x0000000083800000| 50%| O|  |TAMS 0x0000000083700000, 0x0000000083700000| Untracked 
|  56|0x0000000083800000, 0x0000000083800000, 0x0000000083900000|  0%| F|  |TAMS 0x0000000083800000, 0x0000000083800000| Untracked 
|  57|0x0000000083900000, 0x0000000083900000, 0x0000000083a00000|  0%| F|  |TAMS 0x0000000083900000, 0x0000000083900000| Untracked 
|  58|0x0000000083a00000, 0x0000000083a00000, 0x0000000083b00000|  0%| F|  |TAMS 0x0000000083a00000, 0x0000000083a00000| Untracked 
|  59|0x0000000083b00000, 0x0000000083b00000, 0x0000000083c00000|  0%| F|  |TAMS 0x0000000083b00000, 0x0000000083b00000| Untracked 
|  60|0x0000000083c00000, 0x0000000083c00000, 0x0000000083d00000|  0%| F|  |TAMS 0x0000000083c00000, 0x0000000083c00000| Untracked 
|  61|0x0000000083d00000, 0x0000000083d00000, 0x0000000083e00000|  0%| F|  |TAMS 0x0000000083d00000, 0x0000000083d00000| Untracked 
|  62|0x0000000083e00000, 0x0000000083e00000, 0x0000000083f00000|  0%| F|  |TAMS 0x0000000083e00000, 0x0000000083e00000| Untracked 
|  63|0x0000000083f00000, 0x0000000083f00000, 0x0000000084000000|  0%| F|  |TAMS 0x0000000083f00000, 0x0000000083f00000| Untracked 
|  64|0x0000000084000000, 0x0000000084000000, 0x0000000084100000|  0%| F|  |TAMS 0x0000000084000000, 0x0000000084000000| Untracked 
|  65|0x0000000084100000, 0x0000000084100000, 0x0000000084200000|  0%| F|  |TAMS 0x0000000084100000, 0x0000000084100000| Untracked 
|  66|0x0000000084200000, 0x0000000084200000, 0x0000000084300000|  0%| F|  |TAMS 0x0000000084200000, 0x0000000084200000| Untracked 
|  67|0x0000000084300000, 0x0000000084300000, 0x0000000084400000|  0%| F|  |TAMS 0x0000000084300000, 0x0000000084300000| Untracked 
|  68|0x0000000084400000, 0x0000000084400000, 0x0000000084500000|  0%| F|  |TAMS 0x0000000084400000, 0x0000000084400000| Untracked 
|  69|0x0000000084500000, 0x0000000084500000, 0x0000000084600000|  0%| F|  |TAMS 0x0000000084500000, 0x0000000084500000| Untracked 
|  70|0x0000000084600000, 0x00000000846b4720, 0x0000000084700000| 70%| S|CS|TAMS 0x0000000084600000, 0x0000000084600000| Complete 
|  71|0x0000000084700000, 0x0000000084700000, 0x0000000084800000|  0%| F|  |TAMS 0x0000000084700000, 0x0000000084700000| Untracked 
|  72|0x0000000084800000, 0x0000000084900000, 0x0000000084900000|100%| S|CS|TAMS 0x0000000084800000, 0x0000000084800000| Complete 
|  73|0x0000000084900000, 0x0000000084a00000, 0x0000000084a00000|100%| S|CS|TAMS 0x0000000084900000, 0x0000000084900000| Complete 
|  74|0x0000000084a00000, 0x0000000084a00000, 0x0000000084b00000|  0%| F|  |TAMS 0x0000000084a00000, 0x0000000084a00000| Untracked 
|  75|0x0000000084b00000, 0x0000000084b00000, 0x0000000084c00000|  0%| F|  |TAMS 0x0000000084b00000, 0x0000000084b00000| Untracked 
|  76|0x0000000084c00000, 0x0000000084c00000, 0x0000000084d00000|  0%| F|  |TAMS 0x0000000084c00000, 0x0000000084c00000| Untracked 
|  77|0x0000000084d00000, 0x0000000084d00000, 0x0000000084e00000|  0%| F|  |TAMS 0x0000000084d00000, 0x0000000084d00000| Untracked 
|  78|0x0000000084e00000, 0x0000000084e00000, 0x0000000084f00000|  0%| F|  |TAMS 0x0000000084e00000, 0x0000000084e00000| Untracked 
|  79|0x0000000084f00000, 0x0000000084f00000, 0x0000000085000000|  0%| F|  |TAMS 0x0000000084f00000, 0x0000000084f00000| Untracked 
|  80|0x0000000085000000, 0x0000000085000000, 0x0000000085100000|  0%| F|  |TAMS 0x0000000085000000, 0x0000000085000000| Untracked 
|  81|0x0000000085100000, 0x0000000085100000, 0x0000000085200000|  0%| F|  |TAMS 0x0000000085100000, 0x0000000085100000| Untracked 
|  82|0x0000000085200000, 0x0000000085200000, 0x0000000085300000|  0%| F|  |TAMS 0x0000000085200000, 0x0000000085200000| Untracked 
|  83|0x0000000085300000, 0x0000000085300000, 0x0000000085400000|  0%| F|  |TAMS 0x0000000085300000, 0x0000000085300000| Untracked 
|  84|0x0000000085400000, 0x0000000085400000, 0x0000000085500000|  0%| F|  |TAMS 0x0000000085400000, 0x0000000085400000| Untracked 
|  85|0x0000000085500000, 0x0000000085500000, 0x0000000085600000|  0%| F|  |TAMS 0x0000000085500000, 0x0000000085500000| Untracked 
|  86|0x0000000085600000, 0x0000000085600000, 0x0000000085700000|  0%| F|  |TAMS 0x0000000085600000, 0x0000000085600000| Untracked 
|  87|0x0000000085700000, 0x0000000085700000, 0x0000000085800000|  0%| F|  |TAMS 0x0000000085700000, 0x0000000085700000| Untracked 
|  88|0x0000000085800000, 0x0000000085800000, 0x0000000085900000|  0%| F|  |TAMS 0x0000000085800000, 0x0000000085800000| Untracked 
|  89|0x0000000085900000, 0x0000000085900000, 0x0000000085a00000|  0%| F|  |TAMS 0x0000000085900000, 0x0000000085900000| Untracked 
|  90|0x0000000085a00000, 0x0000000085a00000, 0x0000000085b00000|  0%| F|  |TAMS 0x0000000085a00000, 0x0000000085a00000| Untracked 
|  91|0x0000000085b00000, 0x0000000085b00000, 0x0000000085c00000|  0%| F|  |TAMS 0x0000000085b00000, 0x0000000085b00000| Untracked 
|  92|0x0000000085c00000, 0x0000000085c00000, 0x0000000085d00000|  0%| F|  |TAMS 0x0000000085c00000, 0x0000000085c00000| Untracked 
|  93|0x0000000085d00000, 0x0000000085d00000, 0x0000000085e00000|  0%| F|  |TAMS 0x0000000085d00000, 0x0000000085d00000| Untracked 
|  94|0x0000000085e00000, 0x0000000085e00000, 0x0000000085f00000|  0%| F|  |TAMS 0x0000000085e00000, 0x0000000085e00000| Untracked 
|  95|0x0000000085f00000, 0x0000000085f00000, 0x0000000086000000|  0%| F|  |TAMS 0x0000000085f00000, 0x0000000085f00000| Untracked 
|  96|0x0000000086000000, 0x0000000086000000, 0x0000000086100000|  0%| F|  |TAMS 0x0000000086000000, 0x0000000086000000| Untracked 
|  97|0x0000000086100000, 0x0000000086200000, 0x0000000086200000|100%| E|  |TAMS 0x0000000086100000, 0x0000000086100000| Complete 
|  98|0x0000000086200000, 0x0000000086300000, 0x0000000086300000|100%| E|CS|TAMS 0x0000000086200000, 0x0000000086200000| Complete 
|  99|0x0000000086300000, 0x0000000086400000, 0x0000000086400000|100%| E|CS|TAMS 0x0000000086300000, 0x0000000086300000| Complete 
| 100|0x0000000086400000, 0x0000000086500000, 0x0000000086500000|100%| E|CS|TAMS 0x0000000086400000, 0x0000000086400000| Complete 
| 101|0x0000000086500000, 0x0000000086600000, 0x0000000086600000|100%| E|CS|TAMS 0x0000000086500000, 0x0000000086500000| Complete 
| 102|0x0000000086600000, 0x0000000086700000, 0x0000000086700000|100%| E|CS|TAMS 0x0000000086600000, 0x0000000086600000| Complete 
| 103|0x0000000086700000, 0x0000000086800000, 0x0000000086800000|100%| E|CS|TAMS 0x0000000086700000, 0x0000000086700000| Complete 
| 104|0x0000000086800000, 0x0000000086900000, 0x0000000086900000|100%| E|CS|TAMS 0x0000000086800000, 0x0000000086800000| Complete 
| 105|0x0000000086900000, 0x0000000086a00000, 0x0000000086a00000|100%| E|CS|TAMS 0x0000000086900000, 0x0000000086900000| Complete 
| 106|0x0000000086a00000, 0x0000000086b00000, 0x0000000086b00000|100%| E|CS|TAMS 0x0000000086a00000, 0x0000000086a00000| Complete 
| 107|0x0000000086b00000, 0x0000000086c00000, 0x0000000086c00000|100%| E|CS|TAMS 0x0000000086b00000, 0x0000000086b00000| Complete 
| 108|0x0000000086c00000, 0x0000000086d00000, 0x0000000086d00000|100%| E|CS|TAMS 0x0000000086c00000, 0x0000000086c00000| Complete 
| 109|0x0000000086d00000, 0x0000000086e00000, 0x0000000086e00000|100%| E|CS|TAMS 0x0000000086d00000, 0x0000000086d00000| Complete 
| 110|0x0000000086e00000, 0x0000000086f00000, 0x0000000086f00000|100%| E|CS|TAMS 0x0000000086e00000, 0x0000000086e00000| Complete 
| 111|0x0000000086f00000, 0x0000000087000000, 0x0000000087000000|100%| E|CS|TAMS 0x0000000086f00000, 0x0000000086f00000| Complete 
| 112|0x0000000087000000, 0x0000000087100000, 0x0000000087100000|100%| E|CS|TAMS 0x0000000087000000, 0x0000000087000000| Complete 
| 113|0x0000000087100000, 0x0000000087200000, 0x0000000087200000|100%| E|CS|TAMS 0x0000000087100000, 0x0000000087100000| Complete 
| 114|0x0000000087200000, 0x0000000087300000, 0x0000000087300000|100%| E|CS|TAMS 0x0000000087200000, 0x0000000087200000| Complete 
| 115|0x0000000087300000, 0x0000000087400000, 0x0000000087400000|100%| E|CS|TAMS 0x0000000087300000, 0x0000000087300000| Complete 

Card table byte_map: [0x00000254587c0000,0x0000025458bc0000] _byte_map_base: 0x00000254583c0000

Marking Bits (Prev, Next): (CMBitMap*) 0x00000254455b3960, (CMBitMap*) 0x00000254455b3928
 Prev Bits: [0x000002545afc0000, 0x000002545cfc0000)
 Next Bits: [0x0000025458fc0000, 0x000002545afc0000)

Polling page: 0x00000254434a0000

Metaspace:

Usage:
  Non-class:     64.38 MB capacity,    63.40 MB ( 98%) used,   826.88 KB (  1%) free+waste,   180.94 KB ( <1%) overhead. 
      Class:      9.96 MB capacity,     9.35 MB ( 94%) used,   546.01 KB (  5%) free+waste,    83.44 KB ( <1%) overhead. 
       Both:     74.34 MB capacity,    72.74 MB ( 98%) used,     1.34 MB (  2%) free+waste,   264.38 KB ( <1%) overhead. 

Virtual space:
  Non-class space:       66.00 MB reserved,      64.52 MB ( 98%) committed 
      Class space:        1.00 GB reserved,      10.07 MB ( <1%) committed 
             Both:        1.06 GB reserved,      74.59 MB (  7%) committed 

Chunk freelists:
   Non-Class:  8.00 KB
       Class:  8.00 KB
        Both:  16.00 KB

MaxMetaspaceSize: 17179869184.00 GB
CompressedClassSpaceSize: 1.00 GB
Initial GC threshold: 20.80 MB
Current GC threshold: 118.28 MB
CDS: off

CodeHeap 'non-profiled nmethods': size=120000Kb used=4539Kb max_used=4539Kb free=115460Kb
 bounds [0x0000025450b60000, 0x0000025450fd0000, 0x0000025458090000]
CodeHeap 'profiled nmethods': size=120000Kb used=15578Kb max_used=15578Kb free=104421Kb
 bounds [0x0000025449630000, 0x000002544a570000, 0x0000025450b60000]
CodeHeap 'non-nmethods': size=5760Kb used=2352Kb max_used=2406Kb free=3407Kb
 bounds [0x0000025449090000, 0x0000025449300000, 0x0000025449630000]
 total_blobs=8054 nmethods=7187 adapters=779
 compilation: enabled
              stopped_count=0, restarted_count=0
 full_count=0

Compilation events (20 events):
Event: 19.735 Thread 0x000002545fa2c800 nmethod 7216 0x000002544a54ea90 code [0x000002544a54ec60, 0x000002544a54eec8]
Event: 19.749 Thread 0x000002545fa2c800 7217       3       java.util.LinkedHashMap::get (33 bytes)
Event: 19.750 Thread 0x000002545fa2c800 nmethod 7217 0x000002544a54ef90 code [0x000002544a54f180, 0x000002544a54f5a8]
Event: 19.751 Thread 0x000002545fa2c800 7218       3       java.util.HashMap::getNode (148 bytes)
Event: 19.752 Thread 0x000002545fa2c800 nmethod 7218 0x000002544a54f710 code [0x000002544a54f960, 0x000002544a550428]
Event: 19.753 Thread 0x000002545fa2c800 7219       3       com.sun.proxy.$Proxy16::<init> (6 bytes)
Event: 19.754 Thread 0x000002545fa2c800 nmethod 7219 0x000002544a550710 code [0x000002544a5508e0, 0x000002544a550c68]
Event: 19.754 Thread 0x000002545fa2c800 7220       3       java.util.HashMap::resize (356 bytes)
Event: 19.755 Thread 0x000002545fa2c800 nmethod 7220 0x000002544a550e10 code [0x000002544a5510e0, 0x000002544a552488]
Event: 19.757 Thread 0x000002545fa2c800 7221       3       java.lang.Character::isLowerCase (5 bytes)
Event: 19.757 Thread 0x000002545fa2c800 nmethod 7221 0x000002544a552910 code [0x000002544a552b00, 0x000002544a552ed8]
Event: 19.757 Thread 0x000002545fa2c800 7222       3       java.lang.Character::isLowerCase (28 bytes)
Event: 19.758 Thread 0x000002545fa2c800 nmethod 7222 0x000002544a553010 code [0x000002544a553200, 0x000002544a553578]
Event: 19.762 Thread 0x000002545fa2c800 7223       3       org.gradle.internal.reflect.MethodSet::add (50 bytes)
Event: 19.763 Thread 0x000002545fa2c800 nmethod 7223 0x000002544a553690 code [0x000002544a5538c0, 0x000002544a554138]
Event: 19.765 Thread 0x000002545fa1c000 7224       4       org.objectweb.asm.Frame::putAbstractType (379 bytes)
Event: 19.767 Thread 0x000002545fa2c800 7225       3       com.google.common.collect.Iterables::toArray (10 bytes)
Event: 19.768 Thread 0x000002545fa2c800 nmethod 7225 0x000002544a554410 code [0x000002544a554640, 0x000002544a554e88]
Event: 19.771 Thread 0x000002545fa2c800 7226       3       jdk.internal.org.objectweb.asm.MethodVisitor::visitTypeInsn (17 bytes)
Event: 19.772 Thread 0x000002545fa2c800 nmethod 7226 0x000002544a555110 code [0x000002544a5552c0, 0x000002544a5554a8]

GC Heap History (20 events):
Event: 16.747 GC heap before
{Heap before GC invocations=17 (full 0):
 garbage-first heap   total 98304K, used 60888K [0x0000000080000000, 0x0000000100000000)
  region size 1024K, 18 young (18432K), 2 survivors (2048K)
 Metaspace       used 62055K, capacity 63504K, committed 63708K, reserved 1105920K
  class space    used 7754K, capacity 8310K, committed 8396K, reserved 1048576K
}
Event: 16.753 GC heap after
{Heap after GC invocations=18 (full 0):
 garbage-first heap   total 98304K, used 47841K [0x0000000080000000, 0x0000000100000000)
  region size 1024K, 5 young (5120K), 5 survivors (5120K)
 Metaspace       used 62055K, capacity 63504K, committed 63708K, reserved 1105920K
  class space    used 7754K, capacity 8310K, committed 8396K, reserved 1048576K
}
Event: 16.833 GC heap before
{Heap before GC invocations=19 (full 0):
 garbage-first heap   total 98304K, used 62177K [0x0000000080000000, 0x0000000100000000)
  region size 1024K, 15 young (15360K), 5 survivors (5120K)
 Metaspace       used 62061K, capacity 63510K, committed 63708K, reserved 1105920K
  class space    used 7755K, capacity 8311K, committed 8396K, reserved 1048576K
}
Event: 16.843 GC heap after
{Heap after GC invocations=20 (full 0):
 garbage-first heap   total 98304K, used 54414K [0x0000000080000000, 0x0000000100000000)
  region size 1024K, 4 young (4096K), 4 survivors (4096K)
 Metaspace       used 62061K, capacity 63510K, committed 63708K, reserved 1105920K
  class space    used 7755K, capacity 8311K, committed 8396K, reserved 1048576K
}
Event: 17.249 GC heap before
{Heap before GC invocations=21 (full 0):
 garbage-first heap   total 98304K, used 76942K [0x0000000080000000, 0x0000000100000000)
  region size 1024K, 24 young (24576K), 4 survivors (4096K)
 Metaspace       used 63886K, capacity 65336K, committed 65500K, reserved 1105920K
  class space    used 7992K, capacity 8572K, committed 8652K, reserved 1048576K
}
Event: 17.252 GC heap after
{Heap after GC invocations=22 (full 0):
 garbage-first heap   total 98304K, used 52223K [0x0000000080000000, 0x0000000100000000)
  region size 1024K, 2 young (2048K), 2 survivors (2048K)
 Metaspace       used 63886K, capacity 65336K, committed 65500K, reserved 1105920K
  class space    used 7992K, capacity 8572K, committed 8652K, reserved 1048576K
}
Event: 17.549 GC heap before
{Heap before GC invocations=22 (full 0):
 garbage-first heap   total 98304K, used 74751K [0x0000000080000000, 0x0000000100000000)
  region size 1024K, 24 young (24576K), 2 survivors (2048K)
 Metaspace       used 65295K, capacity 66703K, committed 66908K, reserved 1107968K
  class space    used 8156K, capacity 8705K, committed 8780K, reserved 1048576K
}
Event: 17.553 GC heap after
{Heap after GC invocations=23 (full 0):
 garbage-first heap   total 98304K, used 53399K [0x0000000080000000, 0x0000000100000000)
  region size 1024K, 3 young (3072K), 3 survivors (3072K)
 Metaspace       used 65295K, capacity 66703K, committed 66908K, reserved 1107968K
  class space    used 8156K, capacity 8705K, committed 8780K, reserved 1048576K
}
Event: 17.651 GC heap before
{Heap before GC invocations=24 (full 0):
 garbage-first heap   total 98304K, used 56471K [0x0000000080000000, 0x0000000100000000)
  region size 1024K, 9 young (9216K), 3 survivors (3072K)
 Metaspace       used 65712K, capacity 67158K, committed 67548K, reserved 1107968K
  class space    used 8222K, capacity 8770K, committed 8908K, reserved 1048576K
}
Event: 17.656 GC heap after
{Heap after GC invocations=25 (full 0):
 garbage-first heap   total 98304K, used 53172K [0x0000000080000000, 0x0000000100000000)
  region size 1024K, 3 young (3072K), 3 survivors (3072K)
 Metaspace       used 65712K, capacity 67158K, committed 67548K, reserved 1107968K
  class space    used 8222K, capacity 8770K, committed 8908K, reserved 1048576K
}
Event: 17.939 GC heap before
{Heap before GC invocations=26 (full 0):
 garbage-first heap   total 98304K, used 73652K [0x0000000080000000, 0x0000000100000000)
  region size 1024K, 22 young (22528K), 3 survivors (3072K)
 Metaspace       used 66645K, capacity 68182K, committed 68444K, reserved 1110016K
  class space    used 8364K, capacity 8913K, committed 9036K, reserved 1048576K
}
Event: 17.943 GC heap after
{Heap after GC invocations=27 (full 0):
 garbage-first heap   total 98304K, used 54388K [0x0000000080000000, 0x0000000100000000)
  region size 1024K, 2 young (2048K), 2 survivors (2048K)
 Metaspace       used 66645K, capacity 68182K, committed 68444K, reserved 1110016K
  class space    used 8364K, capacity 8913K, committed 9036K, reserved 1048576K
}
Event: 18.079 GC heap before
{Heap before GC invocations=27 (full 0):
 garbage-first heap   total 98304K, used 74868K [0x0000000080000000, 0x0000000100000000)
  region size 1024K, 22 young (22528K), 2 survivors (2048K)
 Metaspace       used 66684K, capacity 68280K, committed 68444K, reserved 1110016K
  class space    used 8369K, capacity 8947K, committed 9036K, reserved 1048576K
}
Event: 18.085 GC heap after
{Heap after GC invocations=28 (full 0):
 garbage-first heap   total 98304K, used 55385K [0x0000000080000000, 0x0000000100000000)
  region size 1024K, 3 young (3072K), 3 survivors (3072K)
 Metaspace       used 66684K, capacity 68280K, committed 68444K, reserved 1110016K
  class space    used 8369K, capacity 8947K, committed 9036K, reserved 1048576K
}
Event: 18.439 GC heap before
{Heap before GC invocations=29 (full 0):
 garbage-first heap   total 98304K, used 75865K [0x0000000080000000, 0x0000000100000000)
  region size 1024K, 23 young (23552K), 3 survivors (3072K)
 Metaspace       used 68112K, capacity 69633K, committed 69852K, reserved 1110016K
  class space    used 8542K, capacity 9140K, committed 9164K, reserved 1048576K
}
Event: 18.445 GC heap after
{Heap after GC invocations=30 (full 0):
 garbage-first heap   total 98304K, used 56936K [0x0000000080000000, 0x0000000100000000)
  region size 1024K, 3 young (3072K), 3 survivors (3072K)
 Metaspace       used 68112K, capacity 69633K, committed 69852K, reserved 1110016K
  class space    used 8542K, capacity 9140K, committed 9164K, reserved 1048576K
}
Event: 18.952 GC heap before
{Heap before GC invocations=30 (full 0):
 garbage-first heap   total 98304K, used 77416K [0x0000000080000000, 0x0000000100000000)
  region size 1024K, 23 young (23552K), 3 survivors (3072K)
 Metaspace       used 70612K, capacity 72107K, committed 72412K, reserved 1112064K
  class space    used 8982K, capacity 9559K, committed 9676K, reserved 1048576K
}
Event: 18.956 GC heap after
{Heap after GC invocations=31 (full 0):
 garbage-first heap   total 98304K, used 58145K [0x0000000080000000, 0x0000000100000000)
  region size 1024K, 3 young (3072K), 3 survivors (3072K)
 Metaspace       used 70612K, capacity 72107K, committed 72412K, reserved 1112064K
  class space    used 8982K, capacity 9559K, committed 9676K, reserved 1048576K
}
Event: 19.467 GC heap before
{Heap before GC invocations=32 (full 0):
 garbage-first heap   total 98304K, used 78625K [0x0000000080000000, 0x0000000100000000)
  region size 1024K, 23 young (23552K), 3 survivors (3072K)
 Metaspace       used 72780K, capacity 74385K, committed 74588K, reserved 1114112K
  class space    used 9320K, capacity 9925K, committed 10060K, reserved 1048576K
}
Event: 19.472 GC heap after
{Heap after GC invocations=33 (full 0):
 garbage-first heap   total 118784K, used 59610K [0x0000000080000000, 0x0000000100000000)
  region size 1024K, 3 young (3072K), 3 survivors (3072K)
 Metaspace       used 72780K, capacity 74385K, committed 74588K, reserved 1114112K
  class space    used 9320K, capacity 9925K, committed 10060K, reserved 1048576K
}

Deoptimization events (20 events):
Event: 19.727 Thread 0x0000025462937000 Uncommon trap: trap_request=0xffffffd6 fr.pc=0x0000025450fcd964 relative=0x0000000000000384
Event: 19.727 Thread 0x0000025462937000 Uncommon trap: reason=array_check action=maybe_recompile pc=0x0000025450fcd964 method=java.util.AbstractCollection.toArray([Ljava/lang/Object;)[Ljava/lang/Object; @ 116 c2
Event: 19.727 Thread 0x0000025462937000 DEOPT PACKING pc=0x0000025450fcd964 sp=0x00000061549f8e80
Event: 19.727 Thread 0x0000025462937000 DEOPT UNPACKING pc=0x00000254490da1af sp=0x00000061549f8e20 mode 2
Event: 19.749 Thread 0x0000025462937000 Uncommon trap: trap_request=0xffffff4d fr.pc=0x0000025450bc54e0 relative=0x0000000000000980
Event: 19.749 Thread 0x0000025462937000 Uncommon trap: reason=unstable_if action=reinterpret pc=0x0000025450bc54e0 method=java.util.HashMap.resize()[Ljava/util/HashMap$Node; @ 203 c2
Event: 19.749 Thread 0x0000025462937000 DEOPT PACKING pc=0x0000025450bc54e0 sp=0x00000061549f8f50
Event: 19.749 Thread 0x0000025462937000 DEOPT UNPACKING pc=0x00000254490da1af sp=0x00000061549f8ef0 mode 2
Event: 19.749 Thread 0x0000025462937000 Uncommon trap: trap_request=0xffffff4d fr.pc=0x0000025450ea0354 relative=0x00000000000024f4
Event: 19.749 Thread 0x0000025462937000 Uncommon trap: reason=unstable_if action=reinterpret pc=0x0000025450ea0354 method=java.util.HashMap.getNode(ILjava/lang/Object;)Ljava/util/HashMap$Node; @ 84 c2
Event: 19.749 Thread 0x0000025462937000 DEOPT PACKING pc=0x0000025450ea0354 sp=0x00000061549f8ff0
Event: 19.749 Thread 0x0000025462937000 DEOPT UNPACKING pc=0x00000254490da1af sp=0x00000061549f8ed8 mode 2
Event: 19.749 Thread 0x0000025462937000 Uncommon trap: trap_request=0xffffff4d fr.pc=0x0000025450f34f48 relative=0x0000000000000288
Event: 19.749 Thread 0x0000025462937000 Uncommon trap: reason=unstable_if action=reinterpret pc=0x0000025450f34f48 method=java.util.HashMap.getNode(ILjava/lang/Object;)Ljava/util/HashMap$Node; @ 84 c2
Event: 19.749 Thread 0x0000025462937000 DEOPT PACKING pc=0x0000025450f34f48 sp=0x00000061549f8fa0
Event: 19.749 Thread 0x0000025462937000 DEOPT UNPACKING pc=0x00000254490da1af sp=0x00000061549f8ec0 mode 2
Event: 19.749 Thread 0x0000025462937000 Uncommon trap: trap_request=0xffffff4d fr.pc=0x0000025450daf2e4 relative=0x00000000000001a4
Event: 19.749 Thread 0x0000025462937000 Uncommon trap: reason=unstable_if action=reinterpret pc=0x0000025450daf2e4 method=java.util.HashMap.getNode(ILjava/lang/Object;)Ljava/util/HashMap$Node; @ 84 c2
Event: 19.749 Thread 0x0000025462937000 DEOPT PACKING pc=0x0000025450daf2e4 sp=0x00000061549f8f40
Event: 19.749 Thread 0x0000025462937000 DEOPT UNPACKING pc=0x00000254490da1af sp=0x00000061549f8ec8 mode 2

Classes redefined (0 events):
No events

Internal exceptions (20 events):
Event: 18.155 Thread 0x0000025462937000 Exception <a 'java/lang/ClassNotFoundException'{0x0000000085af9ee0}: org/gradle/api/JavaVersionBeanInfo> (0x0000000085af9ee0) thrown at [src/hotspot/share/classfile/systemDictionary.cpp, line 230]
Event: 18.156 Thread 0x0000025462937000 Exception <a 'java/lang/ClassNotFoundException'{0x0000000085929230}: org/gradle/api/JavaVersionCustomizer> (0x0000000085929230) thrown at [src/hotspot/share/classfile/systemDictionary.cpp, line 230]
Event: 18.162 Thread 0x0000025462937000 Exception <a 'java/lang/ClassNotFoundException'{0x0000000085994478}: com/android/build/gradle/internal/CompileOptions$AgpDecorated_DecoratedBeanInfo> (0x0000000085994478) thrown at [src/hotspot/share/classfile/systemDictionary.cpp, line 230]
Event: 18.162 Thread 0x0000025462937000 Exception <a 'java/lang/ClassNotFoundException'{0x00000000859b2ab0}: com/android/build/gradle/internal/CompileOptions$AgpDecoratedBeanInfo> (0x00000000859b2ab0) thrown at [src/hotspot/share/classfile/systemDictionary.cpp, line 230]
Event: 18.163 Thread 0x0000025462937000 Exception <a 'java/lang/ClassNotFoundException'{0x00000000859ced38}: com/android/build/gradle/internal/CompileOptionsBeanInfo> (0x00000000859ced38) thrown at [src/hotspot/share/classfile/systemDictionary.cpp, line 230]
Event: 18.163 Thread 0x0000025462937000 Exception <a 'java/lang/ClassNotFoundException'{0x00000000859eb7f8}: com/android/build/gradle/internal/CompileOptionsCustomizer> (0x00000000859eb7f8) thrown at [src/hotspot/share/classfile/systemDictionary.cpp, line 230]
Event: 18.165 Thread 0x0000025462937000 Exception <a 'java/lang/ClassNotFoundException'{0x0000000085816740}: com/android/build/gradle/internal/CompileOptions$AgpDecoratedCustomizer> (0x0000000085816740) thrown at [src/hotspot/share/classfile/systemDictionary.cpp, line 230]
Event: 18.166 Thread 0x0000025462937000 Exception <a 'java/lang/ClassNotFoundException'{0x0000000085843d68}: com/android/build/gradle/internal/CompileOptions$AgpDecorated_DecoratedCustomizer> (0x0000000085843d68) thrown at [src/hotspot/share/classfile/systemDictionary.cpp, line 230]
Event: 18.177 Thread 0x0000025462937000 Exception <a 'java/lang/ClassNotFoundException'{0x000000008570e9a0}: org/gradle/api/internal/artifacts/dsl/dependencies/DefaultDependencyHandler_DecoratedBeanInfo> (0x000000008570e9a0) thrown at [src/hotspot/share/classfile/systemDictionary.cpp, line 230]
Event: 18.178 Thread 0x0000025462937000 Exception <a 'java/lang/ClassNotFoundException'{0x000000008575ef60}: org/gradle/api/internal/artifacts/dsl/dependencies/DefaultDependencyHandlerBeanInfo> (0x000000008575ef60) thrown at [src/hotspot/share/classfile/systemDictionary.cpp, line 230]
Event: 18.180 Thread 0x0000025462937000 Exception <a 'java/lang/ClassNotFoundException'{0x00000000857af9c8}: org/gradle/api/internal/artifacts/dsl/dependencies/DefaultDependencyHandlerCustomizer> (0x00000000857af9c8) thrown at [src/hotspot/share/classfile/systemDictionary.cpp, line 230]
Event: 18.183 Thread 0x0000025462937000 Exception <a 'java/lang/ClassNotFoundException'{0x000000008562ab60}: org/gradle/api/internal/artifacts/dsl/dependencies/DefaultDependencyHandler_DecoratedCustomizer> (0x000000008562ab60) thrown at [src/hotspot/share/classfile/systemDictionary.cpp, line 230]
Event: 19.458 Thread 0x0000025462937000 Exception <a 'java/lang/ClassNotFoundException'{0x0000000084df68f8}: com/android/build/gradle/internal/api/ApkVariantOutputImpl_DecoratedBeanInfo> (0x0000000084df68f8) thrown at [src/hotspot/share/classfile/systemDictionary.cpp, line 230]
Event: 19.459 Thread 0x0000025462937000 Exception <a 'java/lang/ClassNotFoundException'{0x0000000084c13538}: com/android/build/gradle/internal/api/ApkVariantOutputImplBeanInfo> (0x0000000084c13538) thrown at [src/hotspot/share/classfile/systemDictionary.cpp, line 230]
Event: 19.460 Thread 0x0000025462937000 Exception <a 'java/lang/ClassNotFoundException'{0x0000000084c30498}: com/android/build/gradle/internal/api/BaseVariantOutputImplBeanInfo> (0x0000000084c30498) thrown at [src/hotspot/share/classfile/systemDictionary.cpp, line 230]
Event: 19.460 Thread 0x0000025462937000 Exception <a 'java/lang/ClassNotFoundException'{0x0000000084c4d480}: com/android/build/gradle/internal/api/BaseVariantOutputImplCustomizer> (0x0000000084c4d480) thrown at [src/hotspot/share/classfile/systemDictionary.cpp, line 230]
Event: 19.462 Thread 0x0000025462937000 Exception <a 'java/lang/ClassNotFoundException'{0x0000000084c7cd28}: com/android/build/gradle/internal/api/ApkVariantOutputImplCustomizer> (0x0000000084c7cd28) thrown at [src/hotspot/share/classfile/systemDictionary.cpp, line 230]
Event: 19.463 Thread 0x0000025462937000 Exception <a 'java/lang/ClassNotFoundException'{0x0000000084ca8ad8}: com/android/build/gradle/internal/api/ApkVariantOutputImpl_DecoratedCustomizer> (0x0000000084ca8ad8) thrown at [src/hotspot/share/classfile/systemDictionary.cpp, line 230]
Event: 19.484 Thread 0x0000025462937000 Exception <a 'java/lang/NoClassDefFoundError'{0x0000000087213a28}: org/jetbrains/kotlin/gradle/plugin/KotlinBasePluginWrapper> (0x0000000087213a28) thrown at [src/hotspot/share/classfile/systemDictionary.cpp, line 219]
Event: 19.558 Thread 0x0000025462937000 Implicit null exception at 0x0000025450de1031 to 0x0000025450de1764

Events (20 events):
Event: 19.780 loading class org/gradle/api/plugins/internal/DefaultJavaPluginExtension
Event: 19.780 loading class org/gradle/api/plugins/internal/DefaultJavaPluginExtension done
Event: 19.780 loading class org/gradle/api/JavaVersion
Event: 19.780 loading class org/gradle/api/JavaVersion done
Event: 19.780 loading class org/gradle/api/plugins/internal/DefaultJavaPluginExtension
Event: 19.780 loading class org/gradle/api/plugins/internal/DefaultJavaPluginExtension done
Event: 19.781 loading class com/android/build/gradle/tasks/JavaCompileUtils
Event: 19.781 loading class com/android/build/gradle/tasks/JavaCompileUtils done
Event: 19.784 loading class org/gradle/api/tasks/compile/CompileOptions
Event: 19.784 loading class org/gradle/api/tasks/compile/CompileOptions done
Event: 19.785 loading class com/android/build/gradle/internal/variant/BaseVariantData$getGeneratedBytecode$1
Event: 19.785 loading class com/android/build/gradle/internal/variant/BaseVariantData$getGeneratedBytecode$1 done
Event: 19.786 loading class org/gradle/api/internal/file/CompositeFileCollection$1
Event: 19.786 loading class org/gradle/api/internal/file/CompositeFileCollection$1 done
Event: 19.788 loading class com/android/build/gradle/tasks/CommandLineArgumentProviderAdapter
Event: 19.788 loading class com/android/build/gradle/tasks/CommandLineArgumentProviderAdapter done
Event: 19.789 loading class com/android/build/gradle/tasks/JavaCompileKt
Event: 19.789 loading class com/android/build/gradle/tasks/JavaCompileKt done
Event: 19.790 loading class com/android/build/api/variant/impl/FlatSourceDirectoriesImpl$getAsFileTrees$1
Event: 19.790 loading class com/android/build/api/variant/impl/FlatSourceDirectoriesImpl$getAsFileTrees$1 done


Dynamic libraries:
0x00007ff6d77b0000 - 0x00007ff6d77ba000 	C:\Program Files\Android\Android Studio\jbr\bin\java.exe
0x00007ffc27cf0000 - 0x00007ffc27f04000 	C:\WINDOWS\SYSTEM32\ntdll.dll
0x00007ffc269a0000 - 0x00007ffc26a63000 	C:\WINDOWS\System32\KERNEL32.DLL
0x00007ffc25200000 - 0x00007ffc2559c000 	C:\WINDOWS\System32\KERNELBASE.dll
0x00007ffc255a0000 - 0x00007ffc256b1000 	C:\WINDOWS\System32\ucrtbase.dll
0x00007ffc0a1b0000 - 0x00007ffc0a1c7000 	C:\Program Files\Android\Android Studio\jbr\bin\jli.dll
0x00007ffc26a70000 - 0x00007ffc26c1d000 	C:\WINDOWS\System32\USER32.dll
0x00007ffc251d0000 - 0x00007ffc251f6000 	C:\WINDOWS\System32\win32u.dll
0x00007ffc26520000 - 0x00007ffc26549000 	C:\WINDOWS\System32\GDI32.dll
0x00007ffc25970000 - 0x00007ffc25a82000 	C:\WINDOWS\System32\gdi32full.dll
0x00007ffc25130000 - 0x00007ffc251ca000 	C:\WINDOWS\System32\msvcp_win.dll
0x00007ffc0a190000 - 0x00007ffc0a1ab000 	C:\Program Files\Android\Android Studio\jbr\bin\VCRUNTIME140.dll
0x00007ffc0f480000 - 0x00007ffc0f70e000 	C:\WINDOWS\WinSxS\amd64_microsoft.windows.common-controls_6595b64144ccf1df_6.0.22621.608_none_a9444ca7c10bb01d\COMCTL32.dll
0x00007ffc268d0000 - 0x00007ffc26977000 	C:\WINDOWS\System32\msvcrt.dll
0x00007ffc26650000 - 0x00007ffc26682000 	C:\WINDOWS\System32\IMM32.DLL
0x00007ffc0f120000 - 0x00007ffc0f12c000 	C:\Program Files\Android\Android Studio\jbr\bin\vcruntime140_1.dll
0x00007ffbe9500000 - 0x00007ffbe958d000 	C:\Program Files\Android\Android Studio\jbr\bin\msvcp140.dll
0x00007ffbde860000 - 0x00007ffbdf41c000 	C:\Program Files\Android\Android Studio\jbr\bin\server\jvm.dll
0x00007ffc25b00000 - 0x00007ffc25bae000 	C:\WINDOWS\System32\ADVAPI32.dll
0x00007ffc267b0000 - 0x00007ffc26854000 	C:\WINDOWS\System32\sechost.dll
0x00007ffc26c20000 - 0x00007ffc26d35000 	C:\WINDOWS\System32\RPCRT4.dll
0x00007ffc26860000 - 0x00007ffc26868000 	C:\WINDOWS\System32\PSAPI.DLL
0x00007ffc1d860000 - 0x00007ffc1d86a000 	C:\WINDOWS\SYSTEM32\VERSION.dll
0x00007ffc20af0000 - 0x00007ffc20af9000 	C:\WINDOWS\SYSTEM32\WSOCK32.dll
0x00007ffc1e840000 - 0x00007ffc1e874000 	C:\WINDOWS\SYSTEM32\WINMM.dll
0x00007ffc25bb0000 - 0x00007ffc25c21000 	C:\WINDOWS\System32\WS2_32.dll
0x00007ffc24180000 - 0x00007ffc24198000 	C:\WINDOWS\SYSTEM32\kernel.appcore.dll
0x00007ffc20980000 - 0x00007ffc20990000 	C:\Program Files\Android\Android Studio\jbr\bin\verify.dll
0x00007ffc0d830000 - 0x00007ffc0da5e000 	C:\WINDOWS\SYSTEM32\DBGHELP.DLL
0x00007ffc27920000 - 0x00007ffc27caa000 	C:\WINDOWS\System32\combase.dll
0x00007ffc27170000 - 0x00007ffc27247000 	C:\WINDOWS\System32\OLEAUT32.dll
0x00007ffc06ac0000 - 0x00007ffc06af2000 	C:\WINDOWS\SYSTEM32\dbgcore.DLL
0x00007ffc256c0000 - 0x00007ffc2573b000 	C:\WINDOWS\System32\bcryptPrimitives.dll
0x00007ffc20950000 - 0x00007ffc20978000 	C:\Program Files\Android\Android Studio\jbr\bin\java.dll
0x00007ffc20920000 - 0x00007ffc2092a000 	C:\Program Files\Android\Android Studio\jbr\bin\jimage.dll
0x00007ffc20900000 - 0x00007ffc20918000 	C:\Program Files\Android\Android Studio\jbr\bin\zip.dll
0x00007ffc25cc0000 - 0x00007ffc264af000 	C:\WINDOWS\System32\SHELL32.dll
0x00007ffc23150000 - 0x00007ffc23a18000 	C:\WINDOWS\SYSTEM32\windows.storage.dll
0x00007ffc23010000 - 0x00007ffc2314e000 	C:\WINDOWS\SYSTEM32\wintypes.dll
0x00007ffc26d40000 - 0x00007ffc26e31000 	C:\WINDOWS\System32\SHCORE.dll
0x00007ffc26870000 - 0x00007ffc268ce000 	C:\WINDOWS\System32\shlwapi.dll
0x00007ffc25060000 - 0x00007ffc25081000 	C:\WINDOWS\SYSTEM32\profapi.dll
0x00007ffc208e0000 - 0x00007ffc208f9000 	C:\Program Files\Android\Android Studio\jbr\bin\net.dll
0x00007ffc1dde0000 - 0x00007ffc1df0f000 	C:\WINDOWS\SYSTEM32\WINHTTP.dll
0x00007ffc245f0000 - 0x00007ffc24659000 	C:\WINDOWS\system32\mswsock.dll
0x00007ffc208c0000 - 0x00007ffc208d3000 	C:\Program Files\Android\Android Studio\jbr\bin\nio.dll
0x00007ffb51e20000 - 0x00007ffb51e47000 	C:\Users\HP\.gradle\native\e1d6ef7f7dcc3fd88c89a11ec53ec762bb8ba0a96d01ffa2cd45eb1d1d8dd5c5\windows-amd64\native-platform.dll
0x00007ffbe72f0000 - 0x00007ffbe7434000 	C:\Users\HP\.gradle\native\0d407fdbe67a94daf76414ababcb853783967236a71b16ec16e742cd7a986fd3\windows-amd64\native-platform-file-events.dll
0x00007ffc208b0000 - 0x00007ffc208ba000 	C:\Program Files\Android\Android Studio\jbr\bin\management.dll
0x00007ffc208a0000 - 0x00007ffc208ab000 	C:\Program Files\Android\Android Studio\jbr\bin\management_ext.dll
0x00007ffc24840000 - 0x00007ffc2485b000 	C:\WINDOWS\SYSTEM32\CRYPTSP.dll
0x00007ffc240f0000 - 0x00007ffc24125000 	C:\WINDOWS\system32\rsaenh.dll
0x00007ffc246e0000 - 0x00007ffc24708000 	C:\WINDOWS\SYSTEM32\USERENV.dll
0x00007ffc24a00000 - 0x00007ffc24a28000 	C:\WINDOWS\SYSTEM32\bcrypt.dll
0x00007ffc24860000 - 0x00007ffc2486c000 	C:\WINDOWS\SYSTEM32\CRYPTBASE.dll
0x00007ffc23c70000 - 0x00007ffc23c9d000 	C:\WINDOWS\SYSTEM32\IPHLPAPI.DLL
0x00007ffc26690000 - 0x00007ffc26699000 	C:\WINDOWS\System32\NSI.dll
0x00007ffc1dcf0000 - 0x00007ffc1dd09000 	C:\WINDOWS\SYSTEM32\dhcpcsvc6.DLL
0x00007ffc1dc10000 - 0x00007ffc1dc2f000 	C:\WINDOWS\SYSTEM32\dhcpcsvc.DLL
0x00007ffc23ce0000 - 0x00007ffc23dd3000 	C:\WINDOWS\SYSTEM32\DNSAPI.dll

dbghelp: loaded successfully - version: 4.0.5 - missing functions: none
symbol engine: initialized successfully - sym options: 0x614 - pdb path: .;C:\Program Files\Android\Android Studio\jbr\bin;C:\WINDOWS\SYSTEM32;C:\WINDOWS\WinSxS\amd64_microsoft.windows.common-controls_6595b64144ccf1df_6.0.22621.608_none_a9444ca7c10bb01d;C:\Program Files\Android\Android Studio\jbr\bin\server;C:\Users\HP\.gradle\native\e1d6ef7f7dcc3fd88c89a11ec53ec762bb8ba0a96d01ffa2cd45eb1d1d8dd5c5\windows-amd64;C:\Users\HP\.gradle\native\0d407fdbe67a94daf76414ababcb853783967236a71b16ec16e742cd7a986fd3\windows-amd64

VM Arguments:
jvm_args: --add-opens=java.base/java.util=ALL-UNNAMED --add-opens=java.base/java.lang=ALL-UNNAMED --add-opens=java.base/java.lang.invoke=ALL-UNNAMED --add-opens=java.base/java.util=ALL-UNNAMED --add-opens=java.prefs/java.util.prefs=ALL-UNNAMED --add-opens=java.prefs/java.util.prefs=ALL-UNNAMED --add-opens=java.base/java.nio.charset=ALL-UNNAMED --add-opens=java.base/java.net=ALL-UNNAMED --add-opens=java.base/java.util.concurrent.atomic=ALL-UNNAMED -Xmx2048m -Dfile.encoding=UTF-8 -Duser.country=ID -Duser.language=en -Duser.variant 
java_command: org.gradle.launcher.daemon.bootstrap.GradleDaemon 7.4
java_class_path (initial): C:\Users\HP\.gradle\wrapper\dists\gradle-7.4-bin\c0gwcg53nkjbqw7r0h0umtfvt\gradle-7.4\lib\gradle-launcher-7.4.jar
Launcher Type: SUN_STANDARD

[Global flags]
     intx CICompilerCount                          = 4                                         {product} {ergonomic}
     uint ConcGCThreads                            = 2                                         {product} {ergonomic}
     uint G1ConcRefinementThreads                  = 8                                         {product} {ergonomic}
   size_t G1HeapRegionSize                         = 1048576                                   {product} {ergonomic}
    uintx GCDrainStackTargetSize                   = 64                                        {product} {ergonomic}
   size_t InitialHeapSize                          = 100663296                                 {product} {ergonomic}
   size_t MarkStackSize                            = 4194304                                   {product} {ergonomic}
   size_t MaxHeapSize                              = 2147483648                                {product} {command line}
   size_t MaxNewSize                               = 1287651328                                {product} {ergonomic}
   size_t MinHeapDeltaBytes                        = 1048576                                   {product} {ergonomic}
    uintx NonNMethodCodeHeapSize                   = 5836300                                {pd product} {ergonomic}
    uintx NonProfiledCodeHeapSize                  = 122910970                              {pd product} {ergonomic}
    uintx ProfiledCodeHeapSize                     = 122910970                              {pd product} {ergonomic}
    uintx ReservedCodeCacheSize                    = 251658240                              {pd product} {ergonomic}
     bool SegmentedCodeCache                       = true                                      {product} {ergonomic}
     bool UseCompressedClassPointers               = true                                 {lp64_product} {ergonomic}
     bool UseCompressedOops                        = true                                 {lp64_product} {ergonomic}
     bool UseG1GC                                  = true                                      {product} {ergonomic}
     bool UseLargePagesIndividualAllocation        = false                                  {pd product} {ergonomic}

Logging:
Log output configuration:
 #0: stdout all=warning uptime,level,tags
 #1: stderr all=off uptime,level,tags

Environment Variables:
PATH=C:\Program Files\Common Files\Oracle\Java\javapath;C:\Program Files (x86)\Common Files\Oracle\Java\javapath;C:\Program Files (x86)\Common Files\Intel\Shared Libraries\redist\intel64\compiler;C:\windows\system32;C:\windows;C:\windows\System32\Wbem;C:\windows\System32\WindowsPowerShell\v1.0\;C:\windows\System32\OpenSSH\;C:\Program Files (x86)\NVIDIA Corporation\PhysX\Common;C:\Program Files\NVIDIA Corporation\NVIDIA NvDLISR;C:\WINDOWS\system32;C:\WINDOWS;C:\WINDOWS\System32\Wbem;C:\WINDOWS\System32\WindowsPowerShell\v1.0\;C:\WINDOWS\System32\OpenSSH\;C:\xampp\php;C:\ProgramData\ComposerSetup\bin;C:\Program Files\Git\cmd;C:\Program Files\Git\bin\;C:\Program Files\Git\cmd\;C:\Program Files\nodejs\;C:\Program Files\heroku\bin;C:\Program Files\PuTTY\;C:\Program Files\MySQL\MySQL Shell 8.0\bin\;C:\Users\HP\AppData\Local\Programs\Python\Python39\Scripts\;C:\Users\HP\AppData\Local\Programs\Python\Python39\;C:\Users\HP\AppData\Local\Microsoft\WindowsApps;C:\Users\HP\AppData\Local\Programs\Microsoft VS Code\bin;C:\dart-sdk\bin;C:\Users\HP\AppData\Roaming\Composer\vendor\bin;C:\Users\HP\AppData\Local\GitHubDesktop\bin;C:\Users\HP\AppData\Roaming\npm;C:\Program Files\heroku\bin;C:\xampp\php;
USERNAME=HP
OS=Windows_NT
PROCESSOR_IDENTIFIER=AMD64 Family 23 Model 24 Stepping 1, AuthenticAMD



---------------  S Y S T E M  ---------------

OS: Windows 11 , 64 bit Build 22621 (10.0.22621.1194)
OS uptime: 0 days 0:33 hours

CPU:total 8 (initial active 8) (8 cores per cpu, 2 threads per core) family 23 model 24 stepping 1 microcode 0x0, cmov, cx8, fxsr, mmx, sse, sse2, sse3, ssse3, sse4.1, sse4.2, popcnt, avx, avx2, aes, clmul, mmxext, 3dnowpref, lzcnt, sse4a, ht, tsc, tscinvbit, tscinv, bmi1, bmi2, adx, sha, fma

Memory: 4k page, system-wide physical 6021M (566M free)
TotalPageFile size 16159M (AvailPageFile size 5M)
current process WorkingSet (physical memory assigned to process): 349M, peak: 349M
current process commit charge ("private bytes"): 384M, peak: 385M

vm_info: OpenJDK 64-Bit Server VM (11.0.15+0-b2043.56-9505619) for windows-amd64 JRE (11.0.15+0-b2043.56-9505619), built on Jan 19 2023 02:48:00 by "builduser" with unknown MS VC++:1929

END.
