#
# There is insufficient memory for the Java Runtime Environment to continue.
# Native memory allocation (malloc) failed to allocate 1581616 bytes for Chunk::new
# Possible reasons:
#   The system is out of physical RAM or swap space
#   The process is running with CompressedOops enabled, and the Java Heap may be blocking the growth of the native heap
# Possible solutions:
#   Reduce memory load on the system
#   Increase physical memory or swap space
#   Check if swap backing store is full
#   Decrease Java heap size (-Xmx/-Xms)
#   Decrease number of Java threads
#   Decrease Java thread stack sizes (-Xss)
#   Set larger code cache with -XX:ReservedCodeCacheSize=
#   JVM is running with Unscaled Compressed Oops mode in which the Java heap is
#     placed in the first 4GB address space. The Java Heap base address is the
#     maximum limit for the native heap growth. Please use -XX:HeapBaseMinAddress
#     to set the Java Heap base and to place the Java Heap above 4GB virtual address.
# This output file may be truncated or incomplete.
#
#  Out of Memory Error (src/hotspot/share/memory/arena.cpp:197), pid=13720, tid=8960
#
# JRE version: OpenJDK Runtime Environment (11.0.15) (build 11.0.15+0-b2043.56-9505619)
# Java VM: OpenJDK 64-Bit Server VM (11.0.15+0-b2043.56-9505619, mixed mode, tiered, compressed oops, g1 gc, windows-amd64)
# No core dump will be written. Minidumps are not enabled by default on client versions of Windows
#

---------------  S U M M A R Y ------------

Command Line: --add-opens=java.base/java.util=ALL-UNNAMED --add-opens=java.base/java.lang=ALL-UNNAMED --add-opens=java.base/java.lang.invoke=ALL-UNNAMED --add-opens=java.base/java.util=ALL-UNNAMED --add-opens=java.prefs/java.util.prefs=ALL-UNNAMED --add-opens=java.prefs/java.util.prefs=ALL-UNNAMED --add-opens=java.base/java.nio.charset=ALL-UNNAMED --add-opens=java.base/java.net=ALL-UNNAMED --add-opens=java.base/java.util.concurrent.atomic=ALL-UNNAMED -Xmx2048m -Dfile.encoding=UTF-8 -Duser.country=ID -Duser.language=en -Duser.variant org.gradle.launcher.daemon.bootstrap.GradleDaemon 7.4

Host: AMD Ryzen 5 3550H with Radeon Vega Mobile Gfx  , 8 cores, 5G,  Windows 11 , 64 bit Build 22621 (10.0.22621.1194)
Time: Sun Mar 12 08:59:59 2023 SE Asia Standard Time elapsed time: 19.834202 seconds (0d 0h 0m 19s)

---------------  T H R E A D  ---------------

Current thread (0x000001e4a1fac000):  JavaThread "C2 CompilerThread1" daemon [_thread_in_native, id=8960, stack(0x0000007dcef00000,0x0000007dcf000000)]


Current CompileTask:
C2:  19834 8194       4       org.gradle.internal.instantiation.generator.AbstractClassGenerator::inspectType (560 bytes)

Stack: [0x0000007dcef00000,0x0000007dcf000000]
Native frames: (J=compiled Java code, j=interpreted, Vv=VM code, C=native code)
V  [jvm.dll+0x64135a]
V  [jvm.dll+0x7d39f9]
V  [jvm.dll+0x7d51b9]
V  [jvm.dll+0x7d58a3]
V  [jvm.dll+0x2691c5]
V  [jvm.dll+0xc1a5c]
V  [jvm.dll+0xc200c]
V  [jvm.dll+0x3774a7]
V  [jvm.dll+0x1b3732]
V  [jvm.dll+0x22163e]
V  [jvm.dll+0x220498]
V  [jvm.dll+0x19e851]
V  [jvm.dll+0x230479]
V  [jvm.dll+0x22e5ef]
V  [jvm.dll+0x794de1]
V  [jvm.dll+0x78dc24]
V  [jvm.dll+0x6400f6]
C  [ucrtbase.dll+0x29363]
C  [KERNEL32.DLL+0x126bd]
C  [ntdll.dll+0x5dfb8]


---------------  P R O C E S S  ---------------

Threads class SMR info:
_java_thread_list=0x000001e4a2880940, length=135, elements={
0x000001e486e32800, 0x000001e4a12e0000, 0x000001e4a12e1800, 0x000001e4a12f7000,
0x000001e4a12f8000, 0x000001e4a12fb000, 0x000001e4a1305800, 0x000001e4a130e000,
0x000001e4a130f800, 0x000001e4a1db8000, 0x000001e4a314f000, 0x000001e4a3a4e000,
0x000001e4a4754000, 0x000001e4a5764800, 0x000001e4a2c0f800, 0x000001e4a2937000,
0x000001e4a3b02800, 0x000001e4a4375800, 0x000001e4a4330800, 0x000001e4a2b74000,
0x000001e4a516b800, 0x000001e4a516c800, 0x000001e4a5168800, 0x000001e4a1fac000,
0x000001e4a5167000, 0x000001e4a516b000, 0x000001e4a516d800, 0x000001e4a5167800,
0x000001e4a516a000, 0x000001e4a5169000, 0x000001e4a433b000, 0x000001e4a433c800,
0x000001e4a4337800, 0x000001e4a433c000, 0x000001e4a433f000, 0x000001e4a4340000,
0x000001e4a433a000, 0x000001e4a4343000, 0x000001e4a4341800, 0x000001e4a4345000,
0x000001e4a4340800, 0x000001e4a4342800, 0x000001e4a4346800, 0x000001e4a4344000,
0x000001e4a4345800, 0x000001e4a5042000, 0x000001e4a5044800, 0x000001e4a503f800,
0x000001e4a5043800, 0x000001e4a5040800, 0x000001e4a5041000, 0x000001e4a5042800,
0x000001e4a503e800, 0x000001e4a5048800, 0x000001e4a5046000, 0x000001e4a5047800,
0x000001e4a504a000, 0x000001e4a5045000, 0x000001e4a5047000, 0x000001e4a5049800,
0x000001e4a504b800, 0x000001e4a504b000, 0x000001e4a504c800, 0x000001e4a504d800,
0x000001e4a7aaf800, 0x000001e4a7aae800, 0x000001e4a7aad000, 0x000001e4a7ab0000,
0x000001e4a7ab1000, 0x000001e4a7aad800, 0x000001e4a7aab000, 0x000001e4a7ab2000,
0x000001e4a7aac000, 0x000001e4a7ab5000, 0x000001e4a7ab2800, 0x000001e4a7ab8800,
0x000001e4a7ab6000, 0x000001e4a7ab6800, 0x000001e4a7ab7800, 0x000001e4a7ab9000,
0x000001e4a7ab3800, 0x000001e4a7aba000, 0x000001e4a37cc000, 0x000001e4a37cb000,
0x000001e4a37cc800, 0x000001e4a37c9800, 0x000001e4a37c7000, 0x000001e4a37cd800,
0x000001e4a37ca000, 0x000001e4a37c8800, 0x000001e4a37c8000, 0x000001e4a37d1800,
0x000001e4a37d0800, 0x000001e4a37d4000, 0x000001e4a37d0000, 0x000001e4a37d2800,
0x000001e4a37ce800, 0x000001e4a37d5000, 0x000001e4a37d3000, 0x000001e4a37cf000,
0x000001e4a37d5800, 0x000001e4a7ab4000, 0x000001e4a5e3a800, 0x000001e4a5e39800,
0x000001e4a5e40000, 0x000001e4a5e3b000, 0x000001e4a5e3e800, 0x000001e4a5e41000,
0x000001e4a5e41800, 0x000001e4a5e3c000, 0x000001e4a5e3f800, 0x000001e4a5e42800,
0x000001e4a5e3d000, 0x000001e4a5e43800, 0x000001e4a5e3d800, 0x000001e4a5e44000,
0x000001e4a5e46800, 0x000001e4a5e45000, 0x000001e4a5e46000, 0x000001e4a5e47800,
0x000001e4a5e48800, 0x000001e4a2f4d000, 0x000001e4a2f4c000, 0x000001e4a2f4e000,
0x000001e4a2f4e800, 0x000001e4a2f4a800, 0x000001e4a2f4f800, 0x000001e4a2f4b800,
0x000001e4a2f4a000, 0x000001e4a2f53800, 0x000001e4a2f54800, 0x000001e4a2f53000,
0x000001e4a2f52000, 0x000001e4a2f55000, 0x000001e4a2f50800
}

Java Threads: ( => current thread )
  0x000001e486e32800 JavaThread "main" [_thread_blocked, id=8716, stack(0x0000007dcc900000,0x0000007dcca00000)]
  0x000001e4a12e0000 JavaThread "Reference Handler" daemon [_thread_blocked, id=2980, stack(0x0000007dcd000000,0x0000007dcd100000)]
  0x000001e4a12e1800 JavaThread "Finalizer" daemon [_thread_blocked, id=264, stack(0x0000007dcd100000,0x0000007dcd200000)]
  0x000001e4a12f7000 JavaThread "Signal Dispatcher" daemon [_thread_blocked, id=17224, stack(0x0000007dcd200000,0x0000007dcd300000)]
  0x000001e4a12f8000 JavaThread "Attach Listener" daemon [_thread_blocked, id=15444, stack(0x0000007dcd300000,0x0000007dcd400000)]
  0x000001e4a12fb000 JavaThread "Service Thread" daemon [_thread_blocked, id=8508, stack(0x0000007dcd400000,0x0000007dcd500000)]
  0x000001e4a1305800 JavaThread "C2 CompilerThread0" daemon [_thread_in_native, id=12068, stack(0x0000007dcd500000,0x0000007dcd600000)]
  0x000001e4a130e000 JavaThread "C1 CompilerThread0" daemon [_thread_blocked, id=5124, stack(0x0000007dcd600000,0x0000007dcd700000)]
  0x000001e4a130f800 JavaThread "Sweeper thread" daemon [_thread_blocked, id=15948, stack(0x0000007dcd700000,0x0000007dcd800000)]
  0x000001e4a1db8000 JavaThread "Common-Cleaner" daemon [_thread_blocked, id=14944, stack(0x0000007dcd800000,0x0000007dcd900000)]
  0x000001e4a314f000 JavaThread "Daemon health stats" [_thread_blocked, id=20304, stack(0x0000007dcdc00000,0x0000007dcdd00000)]
  0x000001e4a3a4e000 JavaThread "Incoming local TCP Connector on port 54017" [_thread_in_native, id=8744, stack(0x0000007dcdb00000,0x0000007dcdc00000)]
  0x000001e4a4754000 JavaThread "Daemon periodic checks" [_thread_blocked, id=8988, stack(0x0000007dce100000,0x0000007dce200000)]
  0x000001e4a5764800 JavaThread "Daemon" [_thread_blocked, id=2840, stack(0x0000007dce200000,0x0000007dce300000)]
  0x000001e4a2c0f800 JavaThread "Handler for socket connection from /127.0.0.1:54017 to /127.0.0.1:54018" [_thread_in_native, id=18532, stack(0x0000007dce300000,0x0000007dce400000)]
  0x000001e4a2937000 JavaThread "Cancel handler" [_thread_blocked, id=16552, stack(0x0000007dce400000,0x0000007dce500000)]
  0x000001e4a3b02800 JavaThread "Daemon worker" [_thread_blocked, id=19620, stack(0x0000007dce500000,0x0000007dce600000)]
  0x000001e4a4375800 JavaThread "Asynchronous log dispatcher for DefaultDaemonConnection: socket connection from /127.0.0.1:54017 to /127.0.0.1:54018" [_thread_blocked, id=5812, stack(0x0000007dce600000,0x0000007dce700000)]
  0x000001e4a4330800 JavaThread "Stdin handler" [_thread_blocked, id=8812, stack(0x0000007dce700000,0x0000007dce800000)]
  0x000001e4a2b74000 JavaThread "Daemon client event forwarder" [_thread_blocked, id=17052, stack(0x0000007dce800000,0x0000007dce900000)]
  0x000001e4a516b800 JavaThread "Cache worker for journal cache (C:\Users\HP\.gradle\caches\journal-1)" [_thread_blocked, id=260, stack(0x0000007dce900000,0x0000007dcea00000)]
  0x000001e4a516c800 JavaThread "File lock request listener" [_thread_in_native, id=9508, stack(0x0000007dcea00000,0x0000007dceb00000)]
  0x000001e4a5168800 JavaThread "Cache worker for file hash cache (C:\Users\HP\.gradle\caches\7.4\fileHashes)" [_thread_blocked, id=18320, stack(0x0000007dceb00000,0x0000007dcec00000)]
=>0x000001e4a1fac000 JavaThread "C2 CompilerThread1" daemon [_thread_in_native, id=8960, stack(0x0000007dcef00000,0x0000007dcf000000)]
  0x000001e4a5167000 JavaThread "File watcher server" daemon [_thread_in_native, id=16220, stack(0x0000007dcf000000,0x0000007dcf100000)]
  0x000001e4a516b000 JavaThread "File watcher consumer" daemon [_thread_blocked, id=10576, stack(0x0000007dcf100000,0x0000007dcf200000)]
  0x000001e4a516d800 JavaThread "Cache worker for checksums cache (D:\All File\Kuliah\Materi Kuliah\Semester 4\5.Praktikum Pemrograman Aplikasi Perangkat Bergerak 2\4.Kuliah 4\ReadSensorData\.gradle\7.4\checksums)" [_thread_blocked, id=9692, stack(0x0000007dcf200000,0x0000007dcf300000)]
  0x000001e4a5167800 JavaThread "Cache worker for cache directory md-rule (C:\Users\HP\.gradle\caches\7.4\md-rule)" [_thread_blocked, id=16648, stack(0x0000007dcf300000,0x0000007dcf400000)]
  0x000001e4a516a000 JavaThread "Cache worker for file hash cache (D:\All File\Kuliah\Materi Kuliah\Semester 4\5.Praktikum Pemrograman Aplikasi Perangkat Bergerak 2\4.Kuliah 4\ReadSensorData\.gradle\7.4\fileHashes)" [_thread_blocked, id=1160, stack(0x0000007dcf400000,0x0000007dcf500000)]
  0x000001e4a5169000 JavaThread "Cache worker for cache directory md-supplier (C:\Users\HP\.gradle\caches\7.4\md-supplier)" [_thread_blocked, id=15440, stack(0x0000007dcf500000,0x0000007dcf600000)]
  0x000001e4a433b000 JavaThread "Cache worker for execution history cache (C:\Users\HP\.gradle\caches\7.4\executionHistory)" [_thread_blocked, id=9364, stack(0x0000007dcf600000,0x0000007dcf700000)]
  0x000001e4a433c800 JavaThread "jar transforms" [_thread_blocked, id=10860, stack(0x0000007dcf700000,0x0000007dcf800000)]
  0x000001e4a4337800 JavaThread "jar transforms Thread 2" [_thread_blocked, id=13108, stack(0x0000007dcf800000,0x0000007dcf900000)]
  0x000001e4a433c000 JavaThread "Cache worker for file content cache (C:\Users\HP\.gradle\caches\7.4\fileContent)" [_thread_blocked, id=18820, stack(0x0000007dcf900000,0x0000007dcfa00000)]
  0x000001e4a433f000 JavaThread "jar transforms Thread 3" [_thread_blocked, id=3768, stack(0x0000007dcfa00000,0x0000007dcfb00000)]
  0x000001e4a4340000 JavaThread "jar transforms Thread 4" [_thread_blocked, id=12488, stack(0x0000007dcfb00000,0x0000007dcfc00000)]
  0x000001e4a433a000 JavaThread "Cache worker for dependencies-accessors (D:\All File\Kuliah\Materi Kuliah\Semester 4\5.Praktikum Pemrograman Aplikasi Perangkat Bergerak 2\4.Kuliah 4\ReadSensorData\.gradle\7.4\dependencies-accessors)" [_thread_blocked, id=19920, stack(0x0000007dcfc00000,0x0000007dcfd00000)]
  0x000001e4a4343000 JavaThread "jar transforms Thread 5" [_thread_blocked, id=15196, stack(0x0000007dcfd00000,0x0000007dcfe00000)]
  0x000001e4a4341800 JavaThread "Cache worker for Build Output Cleanup Cache (D:\All File\Kuliah\Materi Kuliah\Semester 4\5.Praktikum Pemrograman Aplikasi Perangkat Bergerak 2\4.Kuliah 4\ReadSensorData\.gradle\buildOutputCleanup)" [_thread_blocked, id=15932, stack(0x0000007dcfe00000,0x0000007dcff00000)]
  0x000001e4a4345000 JavaThread "Unconstrained build operations" [_thread_blocked, id=12336, stack(0x0000007dcff00000,0x0000007dd0000000)]
  0x000001e4a4340800 JavaThread "Unconstrained build operations Thread 2" [_thread_blocked, id=18552, stack(0x0000007dd0000000,0x0000007dd0100000)]
  0x000001e4a4342800 JavaThread "Unconstrained build operations Thread 3" [_thread_blocked, id=15748, stack(0x0000007dd0100000,0x0000007dd0200000)]
  0x000001e4a4346800 JavaThread "Unconstrained build operations Thread 4" [_thread_blocked, id=1936, stack(0x0000007dd0200000,0x0000007dd0300000)]
  0x000001e4a4344000 JavaThread "Unconstrained build operations Thread 5" [_thread_blocked, id=14388, stack(0x0000007dd0300000,0x0000007dd0400000)]
  0x000001e4a4345800 JavaThread "Unconstrained build operations Thread 6" [_thread_blocked, id=9648, stack(0x0000007dd0400000,0x0000007dd0500000)]
  0x000001e4a5042000 JavaThread "Unconstrained build operations Thread 7" [_thread_blocked, id=17564, stack(0x0000007dd0500000,0x0000007dd0600000)]
  0x000001e4a5044800 JavaThread "Unconstrained build operations Thread 8" [_thread_blocked, id=8712, stack(0x0000007dd0600000,0x0000007dd0700000)]
  0x000001e4a503f800 JavaThread "Unconstrained build operations Thread 9" [_thread_blocked, id=2900, stack(0x0000007dd0700000,0x0000007dd0800000)]
  0x000001e4a5043800 JavaThread "Unconstrained build operations Thread 10" [_thread_blocked, id=14380, stack(0x0000007dd0800000,0x0000007dd0900000)]
  0x000001e4a5040800 JavaThread "Unconstrained build operations Thread 11" [_thread_blocked, id=12748, stack(0x0000007dd0900000,0x0000007dd0a00000)]
  0x000001e4a5041000 JavaThread "Unconstrained build operations Thread 12" [_thread_blocked, id=16084, stack(0x0000007dd0a00000,0x0000007dd0b00000)]
  0x000001e4a5042800 JavaThread "Unconstrained build operations Thread 13" [_thread_blocked, id=9420, stack(0x0000007dd0b00000,0x0000007dd0c00000)]
  0x000001e4a503e800 JavaThread "Unconstrained build operations Thread 14" [_thread_blocked, id=16896, stack(0x0000007dd0c00000,0x0000007dd0d00000)]
  0x000001e4a5048800 JavaThread "Unconstrained build operations Thread 15" [_thread_blocked, id=8204, stack(0x0000007dd0d00000,0x0000007dd0e00000)]
  0x000001e4a5046000 JavaThread "Unconstrained build operations Thread 16" [_thread_blocked, id=20032, stack(0x0000007dd0e00000,0x0000007dd0f00000)]
  0x000001e4a5047800 JavaThread "Unconstrained build operations Thread 17" [_thread_blocked, id=13364, stack(0x0000007dd0f00000,0x0000007dd1000000)]
  0x000001e4a504a000 JavaThread "Unconstrained build operations Thread 18" [_thread_blocked, id=3240, stack(0x0000007dd1000000,0x0000007dd1100000)]
  0x000001e4a5045000 JavaThread "Unconstrained build operations Thread 19" [_thread_blocked, id=9060, stack(0x0000007dd1100000,0x0000007dd1200000)]
  0x000001e4a5047000 JavaThread "Unconstrained build operations Thread 20" [_thread_blocked, id=16756, stack(0x0000007dd1200000,0x0000007dd1300000)]
  0x000001e4a5049800 JavaThread "Unconstrained build operations Thread 21" [_thread_blocked, id=5708, stack(0x0000007dd1300000,0x0000007dd1400000)]
  0x000001e4a504b800 JavaThread "Unconstrained build operations Thread 22" [_thread_blocked, id=4268, stack(0x0000007dd1400000,0x0000007dd1500000)]
  0x000001e4a504b000 JavaThread "Unconstrained build operations Thread 23" [_thread_blocked, id=8772, stack(0x0000007dd1500000,0x0000007dd1600000)]
  0x000001e4a504c800 JavaThread "Unconstrained build operations Thread 24" [_thread_blocked, id=17352, stack(0x0000007dd1600000,0x0000007dd1700000)]
  0x000001e4a504d800 JavaThread "Unconstrained build operations Thread 25" [_thread_blocked, id=3832, stack(0x0000007dd1700000,0x0000007dd1800000)]
  0x000001e4a7aaf800 JavaThread "Unconstrained build operations Thread 26" [_thread_blocked, id=5348, stack(0x0000007dd1800000,0x0000007dd1900000)]
  0x000001e4a7aae800 JavaThread "Unconstrained build operations Thread 27" [_thread_blocked, id=13220, stack(0x0000007dd1900000,0x0000007dd1a00000)]
  0x000001e4a7aad000 JavaThread "Unconstrained build operations Thread 28" [_thread_blocked, id=10680, stack(0x0000007dd1a00000,0x0000007dd1b00000)]
  0x000001e4a7ab0000 JavaThread "Unconstrained build operations Thread 29" [_thread_blocked, id=6620, stack(0x0000007dd1b00000,0x0000007dd1c00000)]
  0x000001e4a7ab1000 JavaThread "Unconstrained build operations Thread 30" [_thread_blocked, id=12224, stack(0x0000007dd1c00000,0x0000007dd1d00000)]
  0x000001e4a7aad800 JavaThread "Unconstrained build operations Thread 31" [_thread_blocked, id=500, stack(0x0000007dd1d00000,0x0000007dd1e00000)]
  0x000001e4a7aab000 JavaThread "Unconstrained build operations Thread 32" [_thread_blocked, id=15788, stack(0x0000007dd1e00000,0x0000007dd1f00000)]
  0x000001e4a7ab2000 JavaThread "Unconstrained build operations Thread 33" [_thread_blocked, id=17280, stack(0x0000007dd1f00000,0x0000007dd2000000)]
  0x000001e4a7aac000 JavaThread "Unconstrained build operations Thread 34" [_thread_blocked, id=13396, stack(0x0000007dd2000000,0x0000007dd2100000)]
  0x000001e4a7ab5000 JavaThread "Unconstrained build operations Thread 35" [_thread_blocked, id=20408, stack(0x0000007dd2100000,0x0000007dd2200000)]
  0x000001e4a7ab2800 JavaThread "Unconstrained build operations Thread 36" [_thread_blocked, id=11188, stack(0x0000007dd2200000,0x0000007dd2300000)]
  0x000001e4a7ab8800 JavaThread "Unconstrained build operations Thread 37" [_thread_blocked, id=3612, stack(0x0000007dd2300000,0x0000007dd2400000)]
  0x000001e4a7ab6000 JavaThread "Unconstrained build operations Thread 38" [_thread_blocked, id=17288, stack(0x0000007dd2400000,0x0000007dd2500000)]
  0x000001e4a7ab6800 JavaThread "Unconstrained build operations Thread 39" [_thread_blocked, id=3300, stack(0x0000007dd2500000,0x0000007dd2600000)]
  0x000001e4a7ab7800 JavaThread "Unconstrained build operations Thread 40" [_thread_blocked, id=19300, stack(0x0000007dd2600000,0x0000007dd2700000)]
  0x000001e4a7ab9000 JavaThread "Unconstrained build operations Thread 41" [_thread_blocked, id=16496, stack(0x0000007dd2700000,0x0000007dd2800000)]
  0x000001e4a7ab3800 JavaThread "Unconstrained build operations Thread 42" [_thread_blocked, id=10560, stack(0x0000007dd2800000,0x0000007dd2900000)]
  0x000001e4a7aba000 JavaThread "Unconstrained build operations Thread 43" [_thread_blocked, id=19352, stack(0x0000007dd2900000,0x0000007dd2a00000)]
  0x000001e4a37cc000 JavaThread "Unconstrained build operations Thread 44" [_thread_blocked, id=16928, stack(0x0000007dd2a00000,0x0000007dd2b00000)]
  0x000001e4a37cb000 JavaThread "Unconstrained build operations Thread 45" [_thread_blocked, id=2912, stack(0x0000007dd2b00000,0x0000007dd2c00000)]
  0x000001e4a37cc800 JavaThread "Unconstrained build operations Thread 46" [_thread_blocked, id=5640, stack(0x0000007dd2c00000,0x0000007dd2d00000)]
  0x000001e4a37c9800 JavaThread "Unconstrained build operations Thread 47" [_thread_blocked, id=8056, stack(0x0000007dd2d00000,0x0000007dd2e00000)]
  0x000001e4a37c7000 JavaThread "Unconstrained build operations Thread 48" [_thread_blocked, id=15792, stack(0x0000007dd2e00000,0x0000007dd2f00000)]
  0x000001e4a37cd800 JavaThread "Unconstrained build operations Thread 49" [_thread_blocked, id=16912, stack(0x0000007dd2f00000,0x0000007dd3000000)]
  0x000001e4a37ca000 JavaThread "Unconstrained build operations Thread 50" [_thread_blocked, id=19480, stack(0x0000007dd3000000,0x0000007dd3100000)]
  0x000001e4a37c8800 JavaThread "Unconstrained build operations Thread 51" [_thread_blocked, id=4564, stack(0x0000007dd3100000,0x0000007dd3200000)]
  0x000001e4a37c8000 JavaThread "Unconstrained build operations Thread 52" [_thread_blocked, id=17264, stack(0x0000007dd3200000,0x0000007dd3300000)]
  0x000001e4a37d1800 JavaThread "Unconstrained build operations Thread 53" [_thread_blocked, id=19252, stack(0x0000007dd3300000,0x0000007dd3400000)]
  0x000001e4a37d0800 JavaThread "Unconstrained build operations Thread 54" [_thread_blocked, id=1844, stack(0x0000007dd3400000,0x0000007dd3500000)]
  0x000001e4a37d4000 JavaThread "Unconstrained build operations Thread 55" [_thread_blocked, id=17560, stack(0x0000007dd3500000,0x0000007dd3600000)]
  0x000001e4a37d0000 JavaThread "Unconstrained build operations Thread 56" [_thread_blocked, id=4356, stack(0x0000007dd3600000,0x0000007dd3700000)]
  0x000001e4a37d2800 JavaThread "Unconstrained build operations Thread 57" [_thread_blocked, id=18800, stack(0x0000007dd3700000,0x0000007dd3800000)]
  0x000001e4a37ce800 JavaThread "Unconstrained build operations Thread 58" [_thread_blocked, id=18044, stack(0x0000007dd3800000,0x0000007dd3900000)]
  0x000001e4a37d5000 JavaThread "Unconstrained build operations Thread 59" [_thread_blocked, id=14708, stack(0x0000007dd3900000,0x0000007dd3a00000)]
  0x000001e4a37d3000 JavaThread "Unconstrained build operations Thread 60" [_thread_blocked, id=17684, stack(0x0000007dd3a00000,0x0000007dd3b00000)]
  0x000001e4a37cf000 JavaThread "Unconstrained build operations Thread 61" [_thread_blocked, id=832, stack(0x0000007dd3b00000,0x0000007dd3c00000)]
  0x000001e4a37d5800 JavaThread "Unconstrained build operations Thread 62" [_thread_blocked, id=5520, stack(0x0000007dd3c00000,0x0000007dd3d00000)]
  0x000001e4a7ab4000 JavaThread "Unconstrained build operations Thread 63" [_thread_blocked, id=3212, stack(0x0000007dd3d00000,0x0000007dd3e00000)]
  0x000001e4a5e3a800 JavaThread "Unconstrained build operations Thread 64" [_thread_blocked, id=12744, stack(0x0000007dd3e00000,0x0000007dd3f00000)]
  0x000001e4a5e39800 JavaThread "Unconstrained build operations Thread 65" [_thread_blocked, id=19268, stack(0x0000007dd3f00000,0x0000007dd4000000)]
  0x000001e4a5e40000 JavaThread "Unconstrained build operations Thread 66" [_thread_blocked, id=10124, stack(0x0000007dd4000000,0x0000007dd4100000)]
  0x000001e4a5e3b000 JavaThread "Unconstrained build operations Thread 67" [_thread_blocked, id=15960, stack(0x0000007dd4100000,0x0000007dd4200000)]
  0x000001e4a5e3e800 JavaThread "Unconstrained build operations Thread 68" [_thread_blocked, id=18268, stack(0x0000007dd4200000,0x0000007dd4300000)]
  0x000001e4a5e41000 JavaThread "Unconstrained build operations Thread 69" [_thread_blocked, id=12400, stack(0x0000007dd4300000,0x0000007dd4400000)]
  0x000001e4a5e41800 JavaThread "Unconstrained build operations Thread 70" [_thread_blocked, id=19728, stack(0x0000007dd4400000,0x0000007dd4500000)]
  0x000001e4a5e3c000 JavaThread "Unconstrained build operations Thread 71" [_thread_blocked, id=13920, stack(0x0000007dd4500000,0x0000007dd4600000)]
  0x000001e4a5e3f800 JavaThread "Unconstrained build operations Thread 72" [_thread_blocked, id=20164, stack(0x0000007dd4600000,0x0000007dd4700000)]
  0x000001e4a5e42800 JavaThread "Unconstrained build operations Thread 73" [_thread_blocked, id=1768, stack(0x0000007dd4700000,0x0000007dd4800000)]
  0x000001e4a5e3d000 JavaThread "Unconstrained build operations Thread 74" [_thread_blocked, id=12104, stack(0x0000007dd4800000,0x0000007dd4900000)]
  0x000001e4a5e43800 JavaThread "Unconstrained build operations Thread 75" [_thread_blocked, id=10552, stack(0x0000007dd4900000,0x0000007dd4a00000)]
  0x000001e4a5e3d800 JavaThread "Unconstrained build operations Thread 76" [_thread_blocked, id=7084, stack(0x0000007dd4a00000,0x0000007dd4b00000)]
  0x000001e4a5e44000 JavaThread "Unconstrained build operations Thread 77" [_thread_blocked, id=6236, stack(0x0000007dd4b00000,0x0000007dd4c00000)]
  0x000001e4a5e46800 JavaThread "Unconstrained build operations Thread 78" [_thread_blocked, id=14096, stack(0x0000007dd4c00000,0x0000007dd4d00000)]
  0x000001e4a5e45000 JavaThread "Unconstrained build operations Thread 79" [_thread_blocked, id=13452, stack(0x0000007dd4d00000,0x0000007dd4e00000)]
  0x000001e4a5e46000 JavaThread "Unconstrained build operations Thread 80" [_thread_blocked, id=17956, stack(0x0000007dd4e00000,0x0000007dd4f00000)]
  0x000001e4a5e47800 JavaThread "jar transforms Thread 6" [_thread_blocked, id=17748, stack(0x0000007dd4f00000,0x0000007dd5000000)]
  0x000001e4a5e48800 JavaThread "jar transforms Thread 7" [_thread_blocked, id=8308, stack(0x0000007dd5000000,0x0000007dd5100000)]
  0x000001e4a2f4d000 JavaThread "jar transforms Thread 8" [_thread_blocked, id=20224, stack(0x0000007dd5100000,0x0000007dd5200000)]
  0x000001e4a2f4c000 JavaThread "Memory manager" [_thread_blocked, id=2964, stack(0x0000007dd5200000,0x0000007dd5300000)]
  0x000001e4a2f4e000 JavaThread "build event listener" [_thread_blocked, id=10736, stack(0x0000007dd5300000,0x0000007dd5400000)]
  0x000001e4a2f4e800 JavaThread "pool-3-thread-1" [_thread_blocked, id=12184, stack(0x0000007dd5400000,0x0000007dd5500000)]
  0x000001e4a2f4a800 JavaThread "build event listener" [_thread_blocked, id=9948, stack(0x0000007dd5500000,0x0000007dd5600000)]
  0x000001e4a2f4f800 JavaThread "included builds" [_thread_in_native, id=5132, stack(0x0000007dd5600000,0x0000007dd5700000)]
  0x000001e4a2f4b800 JavaThread "Execution worker for ':'" [_thread_blocked, id=2952, stack(0x0000007dd5700000,0x0000007dd5800000)]
  0x000001e4a2f4a000 JavaThread "Execution worker for ':' Thread 2" [_thread_blocked, id=19760, stack(0x0000007dd5800000,0x0000007dd5900000)]
  0x000001e4a2f53800 JavaThread "Execution worker for ':' Thread 3" [_thread_blocked, id=13488, stack(0x0000007dd5900000,0x0000007dd5a00000)]
  0x000001e4a2f54800 JavaThread "Execution worker for ':' Thread 4" [_thread_blocked, id=14216, stack(0x0000007dd5a00000,0x0000007dd5b00000)]
  0x000001e4a2f53000 JavaThread "Execution worker for ':' Thread 5" [_thread_blocked, id=8688, stack(0x0000007dd5b00000,0x0000007dd5c00000)]
  0x000001e4a2f52000 JavaThread "Execution worker for ':' Thread 6" [_thread_blocked, id=17824, stack(0x0000007dd5c00000,0x0000007dd5d00000)]
  0x000001e4a2f55000 JavaThread "Execution worker for ':' Thread 7" [_thread_blocked, id=5772, stack(0x0000007dd5d00000,0x0000007dd5e00000)]
  0x000001e4a2f50800 JavaThread "Cache worker for execution history cache (D:\All File\Kuliah\Materi Kuliah\Semester 4\5.Praktikum Pemrograman Aplikasi Perangkat Bergerak 2\4.Kuliah 4\ReadSensorData\.gradle\7.4\executionHistory)" [_thread_blocked, id=19344, stack(0x0000007dd5e00000,0x0000007dd5f00000)]

Other Threads:
  0x000001e4a12dd000 VMThread "VM Thread" [stack: 0x0000007dccf00000,0x0000007dcd000000] [id=10920]
  0x000001e4a1df8800 WatcherThread [stack: 0x0000007dcd900000,0x0000007dcda00000] [id=19232]
  0x000001e486e4b000 GCTaskThread "GC Thread#0" [stack: 0x0000007dcca00000,0x0000007dccb00000] [id=3724]
  0x000001e4a274c800 GCTaskThread "GC Thread#1" [stack: 0x0000007dcda00000,0x0000007dcdb00000] [id=16012]
  0x000001e4a365a800 GCTaskThread "GC Thread#2" [stack: 0x0000007dcdd00000,0x0000007dcde00000] [id=3972]
  0x000001e4a55d5800 GCTaskThread "GC Thread#3" [stack: 0x0000007dcde00000,0x0000007dcdf00000] [id=19756]
  0x000001e4a51df800 GCTaskThread "GC Thread#4" [stack: 0x0000007dcdf00000,0x0000007dce000000] [id=13616]
  0x000001e4a3e15800 GCTaskThread "GC Thread#5" [stack: 0x0000007dce000000,0x0000007dce100000] [id=7484]
  0x000001e4a4245800 GCTaskThread "GC Thread#6" [stack: 0x0000007dcec00000,0x0000007dced00000] [id=2772]
  0x000001e4a3b03800 GCTaskThread "GC Thread#7" [stack: 0x0000007dced00000,0x0000007dcee00000] [id=10132]
  0x000001e486e7d800 ConcurrentGCThread "G1 Main Marker" [stack: 0x0000007dccb00000,0x0000007dccc00000] [id=17384]
  0x000001e486e7f800 ConcurrentGCThread "G1 Conc#0" [stack: 0x0000007dccc00000,0x0000007dccd00000] [id=7284]
  0x000001e4a5628800 ConcurrentGCThread "G1 Conc#1" [stack: 0x0000007dcee00000,0x0000007dcef00000] [id=11192]
  0x000001e4a1130800 ConcurrentGCThread "G1 Refine#0" [stack: 0x0000007dccd00000,0x0000007dcce00000] [id=11004]
  0x000001e4a1131800 ConcurrentGCThread "G1 Young RemSet Sampling" [stack: 0x0000007dcce00000,0x0000007dccf00000] [id=18680]

Threads with active compile tasks:
C2 CompilerThread0    19874 8440       4       java.util.Comparator$$Lambda$120/0x00000001002a4c40::compare (10 bytes)
C2 CompilerThread1    19874 8194       4       org.gradle.internal.instantiation.generator.AbstractClassGenerator::inspectType (560 bytes)

VM state:not at safepoint (normal execution)

VM Mutex/Monitor currently owned by a thread: None

Heap address: 0x0000000080000000, size: 2048 MB, Compressed Oops mode: 32-bit
Narrow klass base: 0x0000000000000000, Narrow klass shift: 3
Compressed class space size: 1073741824 Address: 0x0000000100000000

Heap:
 garbage-first heap   total 143360K, used 84789K [0x0000000080000000, 0x0000000100000000)
  region size 1024K, 14 young (14336K), 5 survivors (5120K)
 Metaspace       used 84528K, capacity 86532K, committed 86748K, reserved 1124352K
  class space    used 10882K, capacity 11615K, committed 11724K, reserved 1048576K
Heap Regions: E=young(eden), S=young(survivor), O=old, HS=humongous(starts), HC=humongous(continues), CS=collection set, F=free, A=archive, TAMS=top-at-mark-start (previous, next)
|   0|0x0000000080000000, 0x0000000080100000, 0x0000000080100000|100%| O|  |TAMS 0x0000000080100000, 0x0000000080000000| Untracked 
|   1|0x0000000080100000, 0x0000000080200000, 0x0000000080200000|100%| O|  |TAMS 0x0000000080200000, 0x0000000080100000| Untracked 
|   2|0x0000000080200000, 0x0000000080300000, 0x0000000080300000|100%| O|  |TAMS 0x0000000080300000, 0x0000000080200000| Untracked 
|   3|0x0000000080300000, 0x0000000080400000, 0x0000000080400000|100%|HS|  |TAMS 0x0000000080400000, 0x0000000080300000| Complete 
|   4|0x0000000080400000, 0x0000000080500000, 0x0000000080500000|100%|HC|  |TAMS 0x0000000080500000, 0x0000000080400000| Complete 
|   5|0x0000000080500000, 0x0000000080600000, 0x0000000080600000|100%|HC|  |TAMS 0x0000000080600000, 0x0000000080500000| Complete 
|   6|0x0000000080600000, 0x0000000080700000, 0x0000000080700000|100%| O|  |TAMS 0x0000000080700000, 0x0000000080600000| Untracked 
|   7|0x0000000080700000, 0x0000000080800000, 0x0000000080800000|100%| O|  |TAMS 0x0000000080800000, 0x0000000080700000| Untracked 
|   8|0x0000000080800000, 0x0000000080900000, 0x0000000080900000|100%| O|  |TAMS 0x0000000080900000, 0x0000000080800000| Untracked 
|   9|0x0000000080900000, 0x0000000080a00000, 0x0000000080a00000|100%| O|  |TAMS 0x0000000080a00000, 0x0000000080900000| Untracked 
|  10|0x0000000080a00000, 0x0000000080b00000, 0x0000000080b00000|100%| O|  |TAMS 0x0000000080b00000, 0x0000000080a00000| Untracked 
|  11|0x0000000080b00000, 0x0000000080c00000, 0x0000000080c00000|100%| O|  |TAMS 0x0000000080c00000, 0x0000000080b00000| Untracked 
|  12|0x0000000080c00000, 0x0000000080d00000, 0x0000000080d00000|100%| O|  |TAMS 0x0000000080d00000, 0x0000000080c00000| Untracked 
|  13|0x0000000080d00000, 0x0000000080e00000, 0x0000000080e00000|100%| O|  |TAMS 0x0000000080e00000, 0x0000000080d00000| Untracked 
|  14|0x0000000080e00000, 0x0000000080f00000, 0x0000000080f00000|100%| O|  |TAMS 0x0000000080f00000, 0x0000000080e00000| Untracked 
|  15|0x0000000080f00000, 0x0000000081000000, 0x0000000081000000|100%| O|  |TAMS 0x0000000081000000, 0x0000000080f00000| Untracked 
|  16|0x0000000081000000, 0x0000000081100000, 0x0000000081100000|100%| O|  |TAMS 0x0000000081100000, 0x0000000081000000| Untracked 
|  17|0x0000000081100000, 0x0000000081200000, 0x0000000081200000|100%| O|  |TAMS 0x0000000081200000, 0x0000000081100000| Untracked 
|  18|0x0000000081200000, 0x0000000081300000, 0x0000000081300000|100%| O|  |TAMS 0x0000000081300000, 0x0000000081200000| Untracked 
|  19|0x0000000081300000, 0x0000000081400000, 0x0000000081400000|100%| O|  |TAMS 0x0000000081400000, 0x0000000081300000| Untracked 
|  20|0x0000000081400000, 0x0000000081500000, 0x0000000081500000|100%| O|  |TAMS 0x0000000081500000, 0x0000000081400000| Untracked 
|  21|0x0000000081500000, 0x0000000081600000, 0x0000000081600000|100%| O|  |TAMS 0x0000000081600000, 0x0000000081500000| Untracked 
|  22|0x0000000081600000, 0x0000000081700000, 0x0000000081700000|100%| O|  |TAMS 0x0000000081700000, 0x0000000081600000| Untracked 
|  23|0x0000000081700000, 0x0000000081800000, 0x0000000081800000|100%| O|  |TAMS 0x0000000081800000, 0x0000000081700000| Untracked 
|  24|0x0000000081800000, 0x0000000081900000, 0x0000000081900000|100%| O|  |TAMS 0x0000000081900000, 0x0000000081800000| Untracked 
|  25|0x0000000081900000, 0x0000000081a00000, 0x0000000081a00000|100%| O|  |TAMS 0x0000000081a00000, 0x0000000081900000| Untracked 
|  26|0x0000000081a00000, 0x0000000081b00000, 0x0000000081b00000|100%| O|  |TAMS 0x0000000081b00000, 0x0000000081a00000| Untracked 
|  27|0x0000000081b00000, 0x0000000081c00000, 0x0000000081c00000|100%| O|  |TAMS 0x0000000081c00000, 0x0000000081b00000| Untracked 
|  28|0x0000000081c00000, 0x0000000081d00000, 0x0000000081d00000|100%| O|  |TAMS 0x0000000081d00000, 0x0000000081c00000| Untracked 
|  29|0x0000000081d00000, 0x0000000081e00000, 0x0000000081e00000|100%| O|  |TAMS 0x0000000081e00000, 0x0000000081d00000| Untracked 
|  30|0x0000000081e00000, 0x0000000081f00000, 0x0000000081f00000|100%|HS|  |TAMS 0x0000000081f00000, 0x0000000081e00000| Complete 
|  31|0x0000000081f00000, 0x0000000082000000, 0x0000000082000000|100%|HS|  |TAMS 0x0000000082000000, 0x0000000081f00000| Complete 
|  32|0x0000000082000000, 0x0000000082100000, 0x0000000082100000|100%| O|  |TAMS 0x0000000082100000, 0x0000000082000000| Untracked 
|  33|0x0000000082100000, 0x0000000082200000, 0x0000000082200000|100%|HS|  |TAMS 0x0000000082200000, 0x0000000082100000| Complete 
|  34|0x0000000082200000, 0x0000000082300000, 0x0000000082300000|100%|HC|  |TAMS 0x0000000082300000, 0x0000000082200000| Complete 
|  35|0x0000000082300000, 0x0000000082400000, 0x0000000082400000|100%| O|  |TAMS 0x0000000082400000, 0x0000000082300000| Untracked 
|  36|0x0000000082400000, 0x0000000082500000, 0x0000000082500000|100%| O|  |TAMS 0x0000000082500000, 0x0000000082400000| Untracked 
|  37|0x0000000082500000, 0x0000000082600000, 0x0000000082600000|100%| O|  |TAMS 0x0000000082600000, 0x0000000082500000| Untracked 
|  38|0x0000000082600000, 0x0000000082700000, 0x0000000082700000|100%| O|  |TAMS 0x0000000082700000, 0x0000000082600000| Untracked 
|  39|0x0000000082700000, 0x0000000082800000, 0x0000000082800000|100%| O|  |TAMS 0x0000000082800000, 0x0000000082700000| Untracked 
|  40|0x0000000082800000, 0x0000000082900000, 0x0000000082900000|100%| O|  |TAMS 0x0000000082900000, 0x0000000082800000| Untracked 
|  41|0x0000000082900000, 0x0000000082a00000, 0x0000000082a00000|100%| O|  |TAMS 0x0000000082a00000, 0x0000000082900000| Untracked 
|  42|0x0000000082a00000, 0x0000000082b00000, 0x0000000082b00000|100%| O|  |TAMS 0x0000000082b00000, 0x0000000082a00000| Untracked 
|  43|0x0000000082b00000, 0x0000000082c00000, 0x0000000082c00000|100%| O|  |TAMS 0x0000000082c00000, 0x0000000082b00000| Untracked 
|  44|0x0000000082c00000, 0x0000000082d00000, 0x0000000082d00000|100%| O|  |TAMS 0x0000000082d00000, 0x0000000082c00000| Untracked 
|  45|0x0000000082d00000, 0x0000000082e00000, 0x0000000082e00000|100%| O|  |TAMS 0x0000000082e00000, 0x0000000082d00000| Untracked 
|  46|0x0000000082e00000, 0x0000000082f00000, 0x0000000082f00000|100%| O|  |TAMS 0x0000000082f00000, 0x0000000082e00000| Untracked 
|  47|0x0000000082f00000, 0x0000000083000000, 0x0000000083000000|100%| O|  |TAMS 0x0000000083000000, 0x0000000082f00000| Untracked 
|  48|0x0000000083000000, 0x0000000083100000, 0x0000000083100000|100%| O|  |TAMS 0x0000000083100000, 0x0000000083000000| Untracked 
|  49|0x0000000083100000, 0x0000000083200000, 0x0000000083200000|100%| O|  |TAMS 0x0000000083200000, 0x0000000083100000| Untracked 
|  50|0x0000000083200000, 0x0000000083300000, 0x0000000083300000|100%| O|  |TAMS 0x0000000083300000, 0x0000000083200000| Untracked 
|  51|0x0000000083300000, 0x0000000083400000, 0x0000000083400000|100%| O|  |TAMS 0x0000000083400000, 0x0000000083300000| Untracked 
|  52|0x0000000083400000, 0x0000000083500000, 0x0000000083500000|100%| O|  |TAMS 0x0000000083500000, 0x0000000083400000| Untracked 
|  53|0x0000000083500000, 0x0000000083600000, 0x0000000083600000|100%| O|  |TAMS 0x0000000083600000, 0x0000000083500000| Untracked 
|  54|0x0000000083600000, 0x0000000083700000, 0x0000000083700000|100%| O|  |TAMS 0x0000000083700000, 0x0000000083600000| Untracked 
|  55|0x0000000083700000, 0x0000000083800000, 0x0000000083800000|100%| O|  |TAMS 0x0000000083800000, 0x0000000083700000| Untracked 
|  56|0x0000000083800000, 0x0000000083900000, 0x0000000083900000|100%| O|  |TAMS 0x0000000083900000, 0x0000000083800000| Untracked 
|  57|0x0000000083900000, 0x0000000083a00000, 0x0000000083a00000|100%| O|  |TAMS 0x0000000083a00000, 0x0000000083900000| Untracked 
|  58|0x0000000083a00000, 0x0000000083b00000, 0x0000000083b00000|100%| O|  |TAMS 0x0000000083b00000, 0x0000000083a00000| Untracked 
|  59|0x0000000083b00000, 0x0000000083c00000, 0x0000000083c00000|100%| O|  |TAMS 0x0000000083c00000, 0x0000000083b00000| Untracked 
|  60|0x0000000083c00000, 0x0000000083d00000, 0x0000000083d00000|100%| O|  |TAMS 0x0000000083d00000, 0x0000000083c00000| Untracked 
|  61|0x0000000083d00000, 0x0000000083e00000, 0x0000000083e00000|100%| O|  |TAMS 0x0000000083e00000, 0x0000000083d00000| Untracked 
|  62|0x0000000083e00000, 0x0000000083f00000, 0x0000000083f00000|100%| O|  |TAMS 0x0000000083f00000, 0x0000000083e00000| Untracked 
|  63|0x0000000083f00000, 0x0000000084000000, 0x0000000084000000|100%| O|  |TAMS 0x0000000084000000, 0x0000000083f00000| Untracked 
|  64|0x0000000084000000, 0x0000000084100000, 0x0000000084100000|100%| O|  |TAMS 0x0000000084100000, 0x0000000084000000| Untracked 
|  65|0x0000000084100000, 0x0000000084200000, 0x0000000084200000|100%| O|  |TAMS 0x0000000084200000, 0x0000000084100000| Untracked 
|  66|0x0000000084200000, 0x0000000084300000, 0x0000000084300000|100%| O|  |TAMS 0x000000008420e400, 0x0000000084200000| Untracked 
|  67|0x0000000084300000, 0x0000000084400000, 0x0000000084400000|100%| O|  |TAMS 0x0000000084300000, 0x0000000084300000| Untracked 
|  68|0x0000000084400000, 0x0000000084500000, 0x0000000084500000|100%| O|  |TAMS 0x0000000084400000, 0x0000000084400000| Untracked 
|  69|0x0000000084500000, 0x00000000845dbe00, 0x0000000084600000| 85%| O|  |TAMS 0x0000000084500000, 0x0000000084500000| Untracked 
|  70|0x0000000084600000, 0x0000000084600000, 0x0000000084700000|  0%| F|  |TAMS 0x0000000084600000, 0x0000000084600000| Untracked 
|  71|0x0000000084700000, 0x0000000084700000, 0x0000000084800000|  0%| F|  |TAMS 0x0000000084700000, 0x0000000084700000| Untracked 
|  72|0x0000000084800000, 0x0000000084800000, 0x0000000084900000|  0%| F|  |TAMS 0x0000000084800000, 0x0000000084800000| Untracked 
|  73|0x0000000084900000, 0x0000000084900000, 0x0000000084a00000|  0%| F|  |TAMS 0x0000000084900000, 0x0000000084900000| Untracked 
|  74|0x0000000084a00000, 0x0000000084a00000, 0x0000000084b00000|  0%| F|  |TAMS 0x0000000084a00000, 0x0000000084a00000| Untracked 
|  75|0x0000000084b00000, 0x0000000084b00000, 0x0000000084c00000|  0%| F|  |TAMS 0x0000000084b00000, 0x0000000084b00000| Untracked 
|  76|0x0000000084c00000, 0x0000000084c00000, 0x0000000084d00000|  0%| F|  |TAMS 0x0000000084c00000, 0x0000000084c00000| Untracked 
|  77|0x0000000084d00000, 0x0000000084d00000, 0x0000000084e00000|  0%| F|  |TAMS 0x0000000084d00000, 0x0000000084d00000| Untracked 
|  78|0x0000000084e00000, 0x0000000084e00000, 0x0000000084f00000|  0%| F|  |TAMS 0x0000000084e00000, 0x0000000084e00000| Untracked 
|  79|0x0000000084f00000, 0x0000000084f00000, 0x0000000085000000|  0%| F|  |TAMS 0x0000000084f00000, 0x0000000084f00000| Untracked 
|  80|0x0000000085000000, 0x0000000085000000, 0x0000000085100000|  0%| F|  |TAMS 0x0000000085000000, 0x0000000085000000| Untracked 
|  81|0x0000000085100000, 0x0000000085100000, 0x0000000085200000|  0%| F|  |TAMS 0x0000000085100000, 0x0000000085100000| Untracked 
|  82|0x0000000085200000, 0x0000000085200000, 0x0000000085300000|  0%| F|  |TAMS 0x0000000085200000, 0x0000000085200000| Untracked 
|  83|0x0000000085300000, 0x0000000085300000, 0x0000000085400000|  0%| F|  |TAMS 0x0000000085300000, 0x0000000085300000| Untracked 
|  84|0x0000000085400000, 0x0000000085400000, 0x0000000085500000|  0%| F|  |TAMS 0x0000000085400000, 0x0000000085400000| Untracked 
|  85|0x0000000085500000, 0x0000000085500000, 0x0000000085600000|  0%| F|  |TAMS 0x0000000085500000, 0x0000000085500000| Untracked 
|  86|0x0000000085600000, 0x0000000085600000, 0x0000000085700000|  0%| F|  |TAMS 0x0000000085600000, 0x0000000085600000| Untracked 
|  87|0x0000000085700000, 0x0000000085700000, 0x0000000085800000|  0%| F|  |TAMS 0x0000000085700000, 0x0000000085700000| Untracked 
|  88|0x0000000085800000, 0x0000000085800000, 0x0000000085900000|  0%| F|  |TAMS 0x0000000085800000, 0x0000000085800000| Untracked 
|  89|0x0000000085900000, 0x0000000085900000, 0x0000000085a00000|  0%| F|  |TAMS 0x0000000085900000, 0x0000000085900000| Untracked 
|  90|0x0000000085a00000, 0x0000000085a00000, 0x0000000085b00000|  0%| F|  |TAMS 0x0000000085a00000, 0x0000000085a00000| Untracked 
|  91|0x0000000085b00000, 0x0000000085b00000, 0x0000000085c00000|  0%| F|  |TAMS 0x0000000085b00000, 0x0000000085b00000| Untracked 
|  92|0x0000000085c00000, 0x0000000085c00000, 0x0000000085d00000|  0%| F|  |TAMS 0x0000000085c00000, 0x0000000085c00000| Untracked 
|  93|0x0000000085d00000, 0x0000000085d00000, 0x0000000085e00000|  0%| F|  |TAMS 0x0000000085d00000, 0x0000000085d00000| Untracked 
|  94|0x0000000085e00000, 0x0000000085e00000, 0x0000000085f00000|  0%| F|  |TAMS 0x0000000085e00000, 0x0000000085e00000| Untracked 
|  95|0x0000000085f00000, 0x0000000085f00000, 0x0000000086000000|  0%| F|  |TAMS 0x0000000085f00000, 0x0000000085f00000| Untracked 
|  96|0x0000000086000000, 0x0000000086000000, 0x0000000086100000|  0%| F|  |TAMS 0x0000000086000000, 0x0000000086000000| Untracked 
|  97|0x0000000086100000, 0x0000000086100000, 0x0000000086200000|  0%| F|  |TAMS 0x0000000086100000, 0x0000000086100000| Untracked 
|  98|0x0000000086200000, 0x0000000086200000, 0x0000000086300000|  0%| F|  |TAMS 0x0000000086200000, 0x0000000086200000| Untracked 
|  99|0x0000000086300000, 0x0000000086300000, 0x0000000086400000|  0%| F|  |TAMS 0x0000000086300000, 0x0000000086300000| Untracked 
| 100|0x0000000086400000, 0x0000000086400000, 0x0000000086500000|  0%| F|  |TAMS 0x0000000086400000, 0x0000000086400000| Untracked 
| 101|0x0000000086500000, 0x00000000865f16c0, 0x0000000086600000| 94%| S|CS|TAMS 0x0000000086500000, 0x0000000086500000| Complete 
| 102|0x0000000086600000, 0x0000000086700000, 0x0000000086700000|100%| S|CS|TAMS 0x0000000086600000, 0x0000000086600000| Complete 
| 103|0x0000000086700000, 0x0000000086800000, 0x0000000086800000|100%| S|CS|TAMS 0x0000000086700000, 0x0000000086700000| Complete 
| 104|0x0000000086800000, 0x0000000086900000, 0x0000000086900000|100%| S|CS|TAMS 0x0000000086800000, 0x0000000086800000| Complete 
| 105|0x0000000086900000, 0x0000000086a00000, 0x0000000086a00000|100%| S|CS|TAMS 0x0000000086900000, 0x0000000086900000| Complete 
| 106|0x0000000086a00000, 0x0000000086a00000, 0x0000000086b00000|  0%| F|  |TAMS 0x0000000086a00000, 0x0000000086a00000| Untracked 
| 107|0x0000000086b00000, 0x0000000086b00000, 0x0000000086c00000|  0%| F|  |TAMS 0x0000000086b00000, 0x0000000086b00000| Untracked 
| 108|0x0000000086c00000, 0x0000000086c00000, 0x0000000086d00000|  0%| F|  |TAMS 0x0000000086c00000, 0x0000000086c00000| Untracked 
| 109|0x0000000086d00000, 0x0000000086d00000, 0x0000000086e00000|  0%| F|  |TAMS 0x0000000086d00000, 0x0000000086d00000| Untracked 
| 110|0x0000000086e00000, 0x0000000086e00000, 0x0000000086f00000|  0%| F|  |TAMS 0x0000000086e00000, 0x0000000086e00000| Untracked 
| 111|0x0000000086f00000, 0x0000000086f00000, 0x0000000087000000|  0%| F|  |TAMS 0x0000000086f00000, 0x0000000086f00000| Untracked 
| 112|0x0000000087000000, 0x0000000087000000, 0x0000000087100000|  0%| F|  |TAMS 0x0000000087000000, 0x0000000087000000| Untracked 
| 113|0x0000000087100000, 0x0000000087100000, 0x0000000087200000|  0%| F|  |TAMS 0x0000000087100000, 0x0000000087100000| Untracked 
| 114|0x0000000087200000, 0x0000000087200000, 0x0000000087300000|  0%| F|  |TAMS 0x0000000087200000, 0x0000000087200000| Untracked 
| 115|0x0000000087300000, 0x0000000087300000, 0x0000000087400000|  0%| F|  |TAMS 0x0000000087300000, 0x0000000087300000| Untracked 
| 116|0x0000000087400000, 0x0000000087400000, 0x0000000087500000|  0%| F|  |TAMS 0x0000000087400000, 0x0000000087400000| Untracked 
| 117|0x0000000087500000, 0x0000000087500000, 0x0000000087600000|  0%| F|  |TAMS 0x0000000087500000, 0x0000000087500000| Untracked 
| 118|0x0000000087600000, 0x0000000087600000, 0x0000000087700000|  0%| F|  |TAMS 0x0000000087600000, 0x0000000087600000| Untracked 
| 119|0x0000000087700000, 0x0000000087700000, 0x0000000087800000|  0%| F|  |TAMS 0x0000000087700000, 0x0000000087700000| Untracked 
| 120|0x0000000087800000, 0x0000000087800000, 0x0000000087900000|  0%| F|  |TAMS 0x0000000087800000, 0x0000000087800000| Untracked 
| 121|0x0000000087900000, 0x0000000087900000, 0x0000000087a00000|  0%| F|  |TAMS 0x0000000087900000, 0x0000000087900000| Untracked 
| 122|0x0000000087a00000, 0x0000000087a00000, 0x0000000087b00000|  0%| F|  |TAMS 0x0000000087a00000, 0x0000000087a00000| Untracked 
| 123|0x0000000087b00000, 0x0000000087b00000, 0x0000000087c00000|  0%| F|  |TAMS 0x0000000087b00000, 0x0000000087b00000| Untracked 
| 124|0x0000000087c00000, 0x0000000087c00000, 0x0000000087d00000|  0%| F|  |TAMS 0x0000000087c00000, 0x0000000087c00000| Untracked 
| 125|0x0000000087d00000, 0x0000000087d00000, 0x0000000087e00000|  0%| F|  |TAMS 0x0000000087d00000, 0x0000000087d00000| Untracked 
| 126|0x0000000087e00000, 0x0000000087e00000, 0x0000000087f00000|  0%| F|  |TAMS 0x0000000087e00000, 0x0000000087e00000| Untracked 
| 127|0x0000000087f00000, 0x0000000087f00000, 0x0000000088000000|  0%| F|  |TAMS 0x0000000087f00000, 0x0000000087f00000| Untracked 
| 128|0x0000000088000000, 0x0000000088000000, 0x0000000088100000|  0%| F|  |TAMS 0x0000000088000000, 0x0000000088000000| Untracked 
| 129|0x0000000088100000, 0x0000000088100000, 0x0000000088200000|  0%| F|  |TAMS 0x0000000088100000, 0x0000000088100000| Untracked 
| 130|0x0000000088200000, 0x0000000088200000, 0x0000000088300000|  0%| F|  |TAMS 0x0000000088200000, 0x0000000088200000| Untracked 
| 131|0x0000000088300000, 0x00000000883787d0, 0x0000000088400000| 47%| E|  |TAMS 0x0000000088300000, 0x0000000088300000| Complete 
| 132|0x0000000088400000, 0x0000000088500000, 0x0000000088500000|100%| E|CS|TAMS 0x0000000088400000, 0x0000000088400000| Complete 
| 133|0x0000000088500000, 0x0000000088600000, 0x0000000088600000|100%| E|CS|TAMS 0x0000000088500000, 0x0000000088500000| Complete 
| 134|0x0000000088600000, 0x0000000088700000, 0x0000000088700000|100%| E|CS|TAMS 0x0000000088600000, 0x0000000088600000| Complete 
| 135|0x0000000088700000, 0x0000000088800000, 0x0000000088800000|100%| E|CS|TAMS 0x0000000088700000, 0x0000000088700000| Complete 
| 136|0x0000000088800000, 0x0000000088900000, 0x0000000088900000|100%| E|CS|TAMS 0x0000000088800000, 0x0000000088800000| Complete 
| 137|0x0000000088900000, 0x0000000088a00000, 0x0000000088a00000|100%| E|CS|TAMS 0x0000000088900000, 0x0000000088900000| Complete 
| 138|0x0000000088a00000, 0x0000000088b00000, 0x0000000088b00000|100%| E|CS|TAMS 0x0000000088a00000, 0x0000000088a00000| Complete 
| 139|0x0000000088b00000, 0x0000000088c00000, 0x0000000088c00000|100%| E|CS|TAMS 0x0000000088b00000, 0x0000000088b00000| Complete 

Card table byte_map: [0x000001e49a090000,0x000001e49a490000] _byte_map_base: 0x000001e499c90000

Marking Bits (Prev, Next): (CMBitMap*) 0x000001e486e74888, (CMBitMap*) 0x000001e486e748c0
 Prev Bits: [0x000001e49a890000, 0x000001e49c890000)
 Next Bits: [0x000001e49c890000, 0x000001e49e890000)

Polling page: 0x000001e484d70000

Metaspace:

Usage:
  Non-class:     73.16 MB capacity,    71.92 MB ( 98%) used,     1.02 MB (  1%) free+waste,   222.06 KB ( <1%) overhead. 
      Class:     11.34 MB capacity,    10.63 MB ( 94%) used,   630.43 KB (  5%) free+waste,   102.00 KB ( <1%) overhead. 
       Both:     84.50 MB capacity,    82.55 MB ( 98%) used,     1.64 MB (  2%) free+waste,   324.06 KB ( <1%) overhead. 

Virtual space:
  Non-class space:       74.00 MB reserved,      73.27 MB (>99%) committed 
      Class space:        1.00 GB reserved,      11.45 MB (  1%) committed 
             Both:        1.07 GB reserved,      84.71 MB (  8%) committed 

Chunk freelists:
   Non-Class:  43.00 KB
       Class:  1.00 KB
        Both:  44.00 KB

MaxMetaspaceSize: 17179869184.00 GB
CompressedClassSpaceSize: 1.00 GB
Initial GC threshold: 20.80 MB
Current GC threshold: 135.78 MB
CDS: off

CodeHeap 'non-profiled nmethods': size=120000Kb used=4911Kb max_used=4911Kb free=115088Kb
 bounds [0x000001e492420000, 0x000001e4928f0000, 0x000001e499950000]
CodeHeap 'profiled nmethods': size=120000Kb used=18184Kb max_used=18184Kb free=101815Kb
 bounds [0x000001e48aef0000, 0x000001e48c0c0000, 0x000001e492420000]
CodeHeap 'non-nmethods': size=5760Kb used=2361Kb max_used=2403Kb free=3398Kb
 bounds [0x000001e48a950000, 0x000001e48abc0000, 0x000001e48aef0000]
 total_blobs=9224 nmethods=8342 adapters=794
 compilation: enabled
              stopped_count=0, restarted_count=0
 full_count=0

Compilation events (20 events):
Event: 19.819 Thread 0x000001e4a130e000 8406       3       org.gradle.api.internal.attributes.DefaultAttributesSchema$DefaultAttributeMatcher::matches (17 bytes)
Event: 19.819 Thread 0x000001e4a130e000 nmethod 8406 0x000001e48c09ab90 code [0x000001e48c09ad40, 0x000001e48c09aea8]
Event: 19.819 Thread 0x000001e4a130e000 8407       3       org.gradle.internal.component.model.ComponentAttributeMatcher::match (259 bytes)
Event: 19.820 Thread 0x000001e4a1305800 nmethod 8324 0x000001e4928e4790 code [0x000001e4928e4980, 0x000001e4928e5188]
Event: 19.820 Thread 0x000001e4a1305800 8325       4       org.gradle.util.internal.SimpleMapInterner::intern (40 bytes)
Event: 19.821 Thread 0x000001e4a130e000 nmethod 8407 0x000001e48c09af90 code [0x000001e48c09b420, 0x000001e48c09da08]
Event: 19.821 Thread 0x000001e4a130e000 8409       3       org.gradle.api.internal.artifacts.ivyservice.resolveengine.graph.builder.NodeState::maybeSubstitute (118 bytes)
Event: 19.822 Thread 0x000001e4a130e000 nmethod 8409 0x000001e48c09e590 code [0x000001e48c09e7a0, 0x000001e48c09ed88]
Event: 19.822 Thread 0x000001e4a130e000 8410       1       org.gradle.api.internal.artifacts.ivyservice.resolveengine.graph.selectors.SelectorStateResolverResults$Registration::access$100 (5 bytes)
Event: 19.822 Thread 0x000001e4a130e000 nmethod 8410 0x000001e4928e5790 code [0x000001e4928e5940, 0x000001e4928e59d8]
Event: 19.822 Thread 0x000001e4a130e000 8408       3       org.gradle.api.internal.artifacts.ivyservice.resolveengine.graph.builder.ResolveState::peek (29 bytes)
Event: 19.823 Thread 0x000001e4a130e000 nmethod 8408 0x000001e48c09f090 code [0x000001e48c09f260, 0x000001e48c09f638]
Event: 19.823 Thread 0x000001e4a130e000 8411       1       org.gradle.api.internal.artifacts.ivyservice.ivyresolve.strategy.VersionParser$DefaultVersion::getParts (5 bytes)
Event: 19.823 Thread 0x000001e4a130e000 nmethod 8411 0x000001e4928e5a90 code [0x000001e4928e5c40, 0x000001e4928e5cf8]
Event: 19.823 Thread 0x000001e4a130e000 8412       1       org.gradle.api.internal.artifacts.ivyservice.ivyresolve.strategy.VersionParser$DefaultVersion::getNumericParts (5 bytes)
Event: 19.823 Thread 0x000001e4a130e000 nmethod 8412 0x000001e4928e5d90 code [0x000001e4928e5f40, 0x000001e4928e5ff8]
Event: 19.829 Thread 0x000001e4a130e000 8413       3       org.gradle.api.internal.artifacts.ivyservice.ivyresolve.strategy.AbstractStringVersionSelector::getSelector (5 bytes)
Event: 19.829 Thread 0x000001e4a130e000 nmethod 8413 0x000001e48c09f790 code [0x000001e48c09f940, 0x000001e48c09fa58]
Event: 19.829 Thread 0x000001e4a130e000 8414       3       org.gradle.api.internal.artifacts.ivyservice.resolveengine.graph.builder.DependencyGraphBuilder::resolveEdges (43 bytes)
Event: 19.829 Thread 0x000001e4a130e000 nmethod 8414 0x000001e48c09fb10 code [0x000001e48c09fd00, 0x000001e48c0a0058]

GC Heap History (20 events):
Event: 15.291 GC heap before
{Heap before GC invocations=26 (full 0):
 garbage-first heap   total 98304K, used 74710K [0x0000000080000000, 0x0000000100000000)
  region size 1024K, 22 young (22528K), 2 survivors (2048K)
 Metaspace       used 66659K, capacity 68279K, committed 68444K, reserved 1110016K
  class space    used 8365K, capacity 8947K, committed 9036K, reserved 1048576K
}
Event: 15.296 GC heap after
{Heap after GC invocations=27 (full 0):
 garbage-first heap   total 98304K, used 55445K [0x0000000080000000, 0x0000000100000000)
  region size 1024K, 3 young (3072K), 3 survivors (3072K)
 Metaspace       used 66659K, capacity 68279K, committed 68444K, reserved 1110016K
  class space    used 8365K, capacity 8947K, committed 9036K, reserved 1048576K
}
Event: 15.573 GC heap before
{Heap before GC invocations=28 (full 0):
 garbage-first heap   total 98304K, used 75925K [0x0000000080000000, 0x0000000100000000)
  region size 1024K, 23 young (23552K), 3 survivors (3072K)
 Metaspace       used 68136K, capacity 69727K, committed 69980K, reserved 1110016K
  class space    used 8547K, capacity 9172K, committed 9292K, reserved 1048576K
}
Event: 15.577 GC heap after
{Heap after GC invocations=29 (full 0):
 garbage-first heap   total 98304K, used 56832K [0x0000000080000000, 0x0000000100000000)
  region size 1024K, 3 young (3072K), 3 survivors (3072K)
 Metaspace       used 68136K, capacity 69727K, committed 69980K, reserved 1110016K
  class space    used 8547K, capacity 9172K, committed 9292K, reserved 1048576K
}
Event: 15.951 GC heap before
{Heap before GC invocations=29 (full 0):
 garbage-first heap   total 98304K, used 77312K [0x0000000080000000, 0x0000000100000000)
  region size 1024K, 23 young (23552K), 3 survivors (3072K)
 Metaspace       used 70628K, capacity 72199K, committed 72412K, reserved 1112064K
  class space    used 9002K, capacity 9591K, committed 9676K, reserved 1048576K
}
Event: 15.955 GC heap after
{Heap after GC invocations=30 (full 0):
 garbage-first heap   total 98304K, used 58005K [0x0000000080000000, 0x0000000100000000)
  region size 1024K, 3 young (3072K), 3 survivors (3072K)
 Metaspace       used 70628K, capacity 72199K, committed 72412K, reserved 1112064K
  class space    used 9002K, capacity 9591K, committed 9676K, reserved 1048576K
}
Event: 16.340 GC heap before
{Heap before GC invocations=31 (full 0):
 garbage-first heap   total 98304K, used 78485K [0x0000000080000000, 0x0000000100000000)
  region size 1024K, 23 young (23552K), 3 survivors (3072K)
 Metaspace       used 72743K, capacity 74384K, committed 74588K, reserved 1114112K
  class space    used 9321K, capacity 9926K, committed 10060K, reserved 1048576K
}
Event: 16.344 GC heap after
{Heap after GC invocations=32 (full 0):
 garbage-first heap   total 98304K, used 59530K [0x0000000080000000, 0x0000000100000000)
  region size 1024K, 3 young (3072K), 3 survivors (3072K)
 Metaspace       used 72743K, capacity 74384K, committed 74588K, reserved 1114112K
  class space    used 9321K, capacity 9926K, committed 10060K, reserved 1048576K
}
Event: 16.783 GC heap before
{Heap before GC invocations=32 (full 0):
 garbage-first heap   total 98304K, used 80010K [0x0000000080000000, 0x0000000100000000)
  region size 1024K, 23 young (23552K), 3 survivors (3072K)
 Metaspace       used 74503K, capacity 76127K, committed 76380K, reserved 1116160K
  class space    used 9579K, capacity 10201K, committed 10316K, reserved 1048576K
}
Event: 16.793 GC heap after
{Heap after GC invocations=33 (full 0):
 garbage-first heap   total 118784K, used 60798K [0x0000000080000000, 0x0000000100000000)
  region size 1024K, 3 young (3072K), 3 survivors (3072K)
 Metaspace       used 74503K, capacity 76127K, committed 76380K, reserved 1116160K
  class space    used 9579K, capacity 10201K, committed 10316K, reserved 1048576K
}
Event: 17.484 GC heap before
{Heap before GC invocations=34 (full 0):
 garbage-first heap   total 118784K, used 89470K [0x0000000080000000, 0x0000000100000000)
  region size 1024K, 31 young (31744K), 3 survivors (3072K)
 Metaspace       used 76895K, capacity 78562K, committed 78684K, reserved 1118208K
  class space    used 9901K, capacity 10532K, committed 10572K, reserved 1048576K
}
Event: 17.491 GC heap after
{Heap after GC invocations=35 (full 0):
 garbage-first heap   total 118784K, used 62553K [0x0000000080000000, 0x0000000100000000)
  region size 1024K, 4 young (4096K), 4 survivors (4096K)
 Metaspace       used 76895K, capacity 78562K, committed 78684K, reserved 1118208K
  class space    used 9901K, capacity 10532K, committed 10572K, reserved 1048576K
}
Event: 18.116 GC heap before
{Heap before GC invocations=35 (full 0):
 garbage-first heap   total 118784K, used 91225K [0x0000000080000000, 0x0000000100000000)
  region size 1024K, 32 young (32768K), 4 survivors (4096K)
 Metaspace       used 80334K, capacity 82086K, committed 82268K, reserved 1120256K
  class space    used 10361K, capacity 11034K, committed 11084K, reserved 1048576K
}
Event: 18.125 GC heap after
{Heap after GC invocations=36 (full 0):
 garbage-first heap   total 118784K, used 64511K [0x0000000080000000, 0x0000000100000000)
  region size 1024K, 4 young (4096K), 4 survivors (4096K)
 Metaspace       used 80334K, capacity 82086K, committed 82268K, reserved 1120256K
  class space    used 10361K, capacity 11034K, committed 11084K, reserved 1048576K
}
Event: 18.467 GC heap before
{Heap before GC invocations=37 (full 0):
 garbage-first heap   total 118784K, used 93183K [0x0000000080000000, 0x0000000100000000)
  region size 1024K, 32 young (32768K), 4 survivors (4096K)
 Metaspace       used 81178K, capacity 83101K, committed 83164K, reserved 1122304K
  class space    used 10468K, capacity 11157K, committed 11212K, reserved 1048576K
}
Event: 18.477 GC heap after
{Heap after GC invocations=38 (full 0):
 garbage-first heap   total 118784K, used 67560K [0x0000000080000000, 0x0000000100000000)
  region size 1024K, 4 young (4096K), 4 survivors (4096K)
 Metaspace       used 81178K, capacity 83101K, committed 83164K, reserved 1122304K
  class space    used 10468K, capacity 11157K, committed 11212K, reserved 1048576K
}
Event: 18.735 GC heap before
{Heap before GC invocations=38 (full 0):
 garbage-first heap   total 118784K, used 95208K [0x0000000080000000, 0x0000000100000000)
  region size 1024K, 31 young (31744K), 4 survivors (4096K)
 Metaspace       used 81243K, capacity 83125K, committed 83420K, reserved 1122304K
  class space    used 10475K, capacity 11163K, committed 11212K, reserved 1048576K
}
Event: 18.748 GC heap after
{Heap after GC invocations=39 (full 0):
 garbage-first heap   total 143360K, used 71655K [0x0000000080000000, 0x0000000100000000)
  region size 1024K, 4 young (4096K), 4 survivors (4096K)
 Metaspace       used 81243K, capacity 83125K, committed 83420K, reserved 1122304K
  class space    used 10475K, capacity 11163K, committed 11212K, reserved 1048576K
}
Event: 19.546 GC heap before
{Heap before GC invocations=40 (full 0):
 garbage-first heap   total 143360K, used 105447K [0x0000000080000000, 0x0000000100000000)
  region size 1024K, 38 young (38912K), 4 survivors (4096K)
 Metaspace       used 83911K, capacity 85838K, committed 86108K, reserved 1124352K
  class space    used 10798K, capacity 11525K, committed 11596K, reserved 1048576K
}
Event: 19.557 GC heap after
{Heap after GC invocations=41 (full 0):
 garbage-first heap   total 143360K, used 76597K [0x0000000080000000, 0x0000000100000000)
  region size 1024K, 5 young (5120K), 5 survivors (5120K)
 Metaspace       used 83911K, capacity 85838K, committed 86108K, reserved 1124352K
  class space    used 10798K, capacity 11525K, committed 11596K, reserved 1048576K
}

Deoptimization events (20 events):
Event: 19.543 Thread 0x000001e4a2f4f800 DEOPT PACKING pc=0x000001e492533bdc sp=0x0000007dd56fdbb0
Event: 19.543 Thread 0x000001e4a2f4f800 DEOPT UNPACKING pc=0x000001e48a99a1af sp=0x0000007dd56fdb98 mode 2
Event: 19.558 Thread 0x000001e4a2f4f800 Uncommon trap: trap_request=0xffffffde fr.pc=0x000001e492533bdc relative=0x000000000000031c
Event: 19.558 Thread 0x000001e4a2f4f800 Uncommon trap: reason=class_check action=maybe_recompile pc=0x000001e492533bdc method=java.util.Collections$SetFromMap.remove(Ljava/lang/Object;)Z @ 5 c2
Event: 19.558 Thread 0x000001e4a2f4f800 DEOPT PACKING pc=0x000001e492533bdc sp=0x0000007dd56fdbb0
Event: 19.558 Thread 0x000001e4a2f4f800 DEOPT UNPACKING pc=0x000001e48a99a1af sp=0x0000007dd56fdb98 mode 2
Event: 19.561 Thread 0x000001e4a2f4f800 Uncommon trap: trap_request=0xffffffde fr.pc=0x000001e492533bdc relative=0x000000000000031c
Event: 19.561 Thread 0x000001e4a2f4f800 Uncommon trap: reason=class_check action=maybe_recompile pc=0x000001e492533bdc method=java.util.Collections$SetFromMap.remove(Ljava/lang/Object;)Z @ 5 c2
Event: 19.561 Thread 0x000001e4a2f4f800 DEOPT PACKING pc=0x000001e492533bdc sp=0x0000007dd56fdbb0
Event: 19.561 Thread 0x000001e4a2f4f800 DEOPT UNPACKING pc=0x000001e48a99a1af sp=0x0000007dd56fdb98 mode 2
Event: 19.562 Thread 0x000001e4a2f4f800 Uncommon trap: trap_request=0xffffffde fr.pc=0x000001e492533bdc relative=0x000000000000031c
Event: 19.562 Thread 0x000001e4a2f4f800 Uncommon trap: reason=class_check action=maybe_recompile pc=0x000001e492533bdc method=java.util.Collections$SetFromMap.remove(Ljava/lang/Object;)Z @ 5 c2
Event: 19.563 Thread 0x000001e4a2f4f800 DEOPT PACKING pc=0x000001e492533bdc sp=0x0000007dd56fda60
Event: 19.563 Thread 0x000001e4a2f4f800 DEOPT UNPACKING pc=0x000001e48a99a1af sp=0x0000007dd56fda48 mode 2
Event: 19.571 Thread 0x000001e4a4341800 DEOPT PACKING pc=0x000001e48b24aefa sp=0x0000007dcfefe2b0
Event: 19.571 Thread 0x000001e4a4341800 DEOPT UNPACKING pc=0x000001e48a99a95e sp=0x0000007dcfefd6e8 mode 0
Event: 19.667 Thread 0x000001e4a2f4f800 Uncommon trap: trap_request=0xffffff4d fr.pc=0x000001e4926af868 relative=0x00000000000001a8
Event: 19.667 Thread 0x000001e4a2f4f800 Uncommon trap: reason=unstable_if action=reinterpret pc=0x000001e4926af868 method=org.gradle.internal.snapshot.PathUtil.equalChars(CCLorg/gradle/internal/snapshot/CaseSensitivity;)Z @ 11 c2
Event: 19.667 Thread 0x000001e4a2f4f800 DEOPT PACKING pc=0x000001e4926af868 sp=0x0000007dd56fb030
Event: 19.667 Thread 0x000001e4a2f4f800 DEOPT UNPACKING pc=0x000001e48a99a1af sp=0x0000007dd56fafe0 mode 2

Classes redefined (0 events):
No events

Internal exceptions (20 events):
Event: 18.867 Thread 0x000001e4a3b02800 Exception <a 'java/lang/ClassNotFoundException'{0x00000000883d1548}: com/android/build/gradle/internal/tasks/ListingFileRedirectTaskCustomizer> (0x00000000883d1548) thrown at [src/hotspot/share/classfile/systemDictionary.cpp, line 230]
Event: 18.869 Thread 0x000001e4a3b02800 Exception <a 'java/lang/ClassNotFoundException'{0x0000000088202a08}: com/android/build/gradle/internal/tasks/ListingFileRedirectTask_DecoratedCustomizer> (0x0000000088202a08) thrown at [src/hotspot/share/classfile/systemDictionary.cpp, line 230]
Event: 18.882 Thread 0x000001e4a3b02800 Exception <a 'java/lang/NoSuchMethodError'{0x000000008826f178}: 'java.lang.Object java.lang.invoke.Invokers$Holder.linkToTargetMethod(java.lang.Object, java.lang.Object, java.lang.Object, int, java.lang.Object, java.lang.Object)'> (0x000000008826f178) thrown at [src/hotspot/share/interpreter/linkResolver.cpp, line 773]
Event: 19.118 Thread 0x000001e4a3b02800 Exception <a 'java/lang/NoSuchMethodError'{0x00000000878ee290}: <clinit>> (0x00000000878ee290) thrown at [src/hotspot/share/prims/jni.cpp, line 1367]
Event: 19.133 Thread 0x000001e4a3b02800 Exception <a 'java/lang/NoSuchMethodError'{0x0000000087738b98}: <clinit>> (0x0000000087738b98) thrown at [src/hotspot/share/prims/jni.cpp, line 1367]
Event: 19.143 Thread 0x000001e4a3b02800 Exception <a 'java/lang/NoSuchMethodError'{0x000000008776acf0}: 'void java.lang.invoke.DirectMethodHandle$Holder.invokeSpecial(java.lang.Object, java.lang.Object, java.lang.Object, int)'> (0x000000008776acf0) thrown at [src/hotspot/share/interpreter/linkResolver.cpp, line 773]
Event: 19.218 Thread 0x000001e4a3b02800 Exception <a 'sun/nio/fs/WindowsException'{0x000000008757fc88}> (0x000000008757fc88) thrown at [src/hotspot/share/prims/jni.cpp, line 617]
Event: 19.379 Thread 0x000001e4a2b74000 Exception <a 'java/lang/NoSuchMethodError'{0x000000008708bcb8}: <clinit>> (0x000000008708bcb8) thrown at [src/hotspot/share/prims/jni.cpp, line 1367]
Event: 19.381 Thread 0x000001e4a2b74000 Exception <a 'java/lang/NoSuchMethodError'{0x00000000870a3388}: <clinit>> (0x00000000870a3388) thrown at [src/hotspot/share/prims/jni.cpp, line 1367]
Event: 19.393 Thread 0x000001e4a2f4f800 Exception <a 'java/lang/IncompatibleClassChangeError'{0x00000000870f02c0}: Found class java.lang.Object, but interface was expected> (0x00000000870f02c0) thrown at [src/hotspot/share/interpreter/linkResolver.cpp, line 839]
Event: 19.454 Thread 0x000001e4a2f4f800 Exception <a 'java/lang/IncompatibleClassChangeError'{0x0000000086ecb670}: Found class java.lang.Object, but interface was expected> (0x0000000086ecb670) thrown at [src/hotspot/share/interpreter/linkResolver.cpp, line 839]
Event: 19.506 Thread 0x000001e4a2f4f800 Exception <a 'java/lang/NoSuchMethodError'{0x0000000086b1b820}: 'int java.lang.invoke.DirectMethodHandle$Holder.invokeStaticInit(java.lang.Object, java.lang.Object, java.lang.Object, java.lang.Object, java.lang.Object)'> (0x0000000086b1b820) thrown at [src/hotspot/share/interpreter/linkResolver.cpp, line 773]
Event: 19.543 Thread 0x000001e4a2b74000 Exception <a 'java/lang/NoSuchMethodError'{0x0000000086a8e888}: <clinit>> (0x0000000086a8e888) thrown at [src/hotspot/share/prims/jni.cpp, line 1367]
Event: 19.545 Thread 0x000001e4a2b74000 Exception <a 'java/lang/NoSuchMethodError'{0x0000000086acdf20}: <clinit>> (0x0000000086acdf20) thrown at [src/hotspot/share/prims/jni.cpp, line 1367]
Event: 19.545 Thread 0x000001e4a2b74000 Exception <a 'java/lang/NoSuchMethodError'{0x0000000086acf698}: <clinit>> (0x0000000086acf698) thrown at [src/hotspot/share/prims/jni.cpp, line 1367]
Event: 19.603 Thread 0x000001e4a2b74000 Exception <a 'java/lang/NoSuchMethodError'{0x000000008899f548}: <clinit>> (0x000000008899f548) thrown at [src/hotspot/share/prims/jni.cpp, line 1367]
Event: 19.622 Thread 0x000001e4a2f4f800 Exception <a 'java/lang/NoSuchMethodError'{0x0000000088881fd0}: 'int java.lang.invoke.DirectMethodHandle$Holder.invokeSpecial(java.lang.Object, java.lang.Object, java.lang.Object, java.lang.Object, java.lang.Object)'> (0x0000000088881fd0) thrown at [src/hotspot/share/interpreter/linkResolver.cpp, line 773]
Event: 19.631 Thread 0x000001e4a2f4e000 Exception <a 'java/lang/NoSuchMethodError'{0x0000000088761d88}: <clinit>> (0x0000000088761d88) thrown at [src/hotspot/share/prims/jni.cpp, line 1367]
Event: 19.636 Thread 0x000001e4a2f4e000 Exception <a 'java/lang/NoSuchMethodError'{0x0000000088776a90}: <clinit>> (0x0000000088776a90) thrown at [src/hotspot/share/prims/jni.cpp, line 1367]
Event: 19.664 Thread 0x000001e4a2f4e000 Exception <a 'java/lang/NoSuchMethodError'{0x000000008863d890}: <clinit>> (0x000000008863d890) thrown at [src/hotspot/share/prims/jni.cpp, line 1367]

Events (20 events):
Event: 19.695 loading class com/android/build/gradle/internal/dependency/AndroidXDependencyCheck$AndroidXEnabledJetifierDisabled$execute$supportLibDependencies$1
Event: 19.695 loading class com/android/build/gradle/internal/dependency/AndroidXDependencyCheck$AndroidXEnabledJetifierDisabled$execute$supportLibDependencies$1 done
Event: 19.704 loading class org/gradle/internal/execution/history/impl/FingerprintMapSerializer$1
Event: 19.704 loading class org/gradle/internal/execution/history/impl/FingerprintMapSerializer$1 done
Event: 19.706 loading class org/gradle/internal/execution/history/impl/SerializableFileCollectionFingerprint
Event: 19.706 loading class org/gradle/internal/execution/history/impl/SerializableFileCollectionFingerprint done
Event: 19.714 Executing VM operation: RevokeBias
Event: 19.715 Executing VM operation: RevokeBias done
Event: 19.715 Executing VM operation: RevokeBias
Event: 19.716 Executing VM operation: RevokeBias done
Event: 19.717 Executing VM operation: RevokeBias
Event: 19.717 Executing VM operation: RevokeBias done
Event: 19.722 Executing VM operation: RevokeBias
Event: 19.723 Executing VM operation: RevokeBias done
Event: 19.725 Executing VM operation: RevokeBias
Event: 19.725 Executing VM operation: RevokeBias done
Event: 19.726 loading class org/gradle/internal/component/external/model/AbstractMutableModuleComponentResolveMetadata$DependencyConstraintImpl
Event: 19.726 loading class org/gradle/internal/component/external/model/AbstractMutableModuleComponentResolveMetadata$DependencyConstraintImpl done
Event: 19.727 loading class org/gradle/internal/component/external/model/ComponentVariant$DependencyConstraint
Event: 19.727 loading class org/gradle/internal/component/external/model/ComponentVariant$DependencyConstraint done


Dynamic libraries:
0x00007ff697680000 - 0x00007ff69768a000 	C:\Program Files\Android\Android Studio\jbr\bin\java.exe
0x00007ffc27cf0000 - 0x00007ffc27f04000 	C:\WINDOWS\SYSTEM32\ntdll.dll
0x00007ffc269a0000 - 0x00007ffc26a63000 	C:\WINDOWS\System32\KERNEL32.DLL
0x00007ffc25200000 - 0x00007ffc2559c000 	C:\WINDOWS\System32\KERNELBASE.dll
0x00007ffc255a0000 - 0x00007ffc256b1000 	C:\WINDOWS\System32\ucrtbase.dll
0x00007ffbf1860000 - 0x00007ffbf187b000 	C:\Program Files\Android\Android Studio\jbr\bin\VCRUNTIME140.dll
0x00007ffbffff0000 - 0x00007ffc00007000 	C:\Program Files\Android\Android Studio\jbr\bin\jli.dll
0x00007ffc26a70000 - 0x00007ffc26c1d000 	C:\WINDOWS\System32\USER32.dll
0x00007ffc251d0000 - 0x00007ffc251f6000 	C:\WINDOWS\System32\win32u.dll
0x00007ffc26520000 - 0x00007ffc26549000 	C:\WINDOWS\System32\GDI32.dll
0x00007ffc0f480000 - 0x00007ffc0f70e000 	C:\WINDOWS\WinSxS\amd64_microsoft.windows.common-controls_6595b64144ccf1df_6.0.22621.608_none_a9444ca7c10bb01d\COMCTL32.dll
0x00007ffc25970000 - 0x00007ffc25a82000 	C:\WINDOWS\System32\gdi32full.dll
0x00007ffc25130000 - 0x00007ffc251ca000 	C:\WINDOWS\System32\msvcp_win.dll
0x00007ffc268d0000 - 0x00007ffc26977000 	C:\WINDOWS\System32\msvcrt.dll
0x00007ffc26650000 - 0x00007ffc26682000 	C:\WINDOWS\System32\IMM32.DLL
0x00007ffc0f120000 - 0x00007ffc0f12c000 	C:\Program Files\Android\Android Studio\jbr\bin\vcruntime140_1.dll
0x00007ffbe9500000 - 0x00007ffbe958d000 	C:\Program Files\Android\Android Studio\jbr\bin\msvcp140.dll
0x00007ffbde860000 - 0x00007ffbdf41c000 	C:\Program Files\Android\Android Studio\jbr\bin\server\jvm.dll
0x00007ffc25b00000 - 0x00007ffc25bae000 	C:\WINDOWS\System32\ADVAPI32.dll
0x00007ffc267b0000 - 0x00007ffc26854000 	C:\WINDOWS\System32\sechost.dll
0x00007ffc26c20000 - 0x00007ffc26d35000 	C:\WINDOWS\System32\RPCRT4.dll
0x00007ffc26860000 - 0x00007ffc26868000 	C:\WINDOWS\System32\PSAPI.DLL
0x00007ffc20af0000 - 0x00007ffc20af9000 	C:\WINDOWS\SYSTEM32\WSOCK32.dll
0x00007ffc1e840000 - 0x00007ffc1e874000 	C:\WINDOWS\SYSTEM32\WINMM.dll
0x00007ffc1d860000 - 0x00007ffc1d86a000 	C:\WINDOWS\SYSTEM32\VERSION.dll
0x00007ffc25bb0000 - 0x00007ffc25c21000 	C:\WINDOWS\System32\WS2_32.dll
0x00007ffc24180000 - 0x00007ffc24198000 	C:\WINDOWS\SYSTEM32\kernel.appcore.dll
0x00007ffc20980000 - 0x00007ffc20990000 	C:\Program Files\Android\Android Studio\jbr\bin\verify.dll
0x00007ffc0d830000 - 0x00007ffc0da5e000 	C:\WINDOWS\SYSTEM32\DBGHELP.DLL
0x00007ffc27920000 - 0x00007ffc27caa000 	C:\WINDOWS\System32\combase.dll
0x00007ffc27170000 - 0x00007ffc27247000 	C:\WINDOWS\System32\OLEAUT32.dll
0x00007ffc06ac0000 - 0x00007ffc06af2000 	C:\WINDOWS\SYSTEM32\dbgcore.DLL
0x00007ffc256c0000 - 0x00007ffc2573b000 	C:\WINDOWS\System32\bcryptPrimitives.dll
0x00007ffc20950000 - 0x00007ffc20978000 	C:\Program Files\Android\Android Studio\jbr\bin\java.dll
0x00007ffc20920000 - 0x00007ffc2092a000 	C:\Program Files\Android\Android Studio\jbr\bin\jimage.dll
0x00007ffc20900000 - 0x00007ffc20918000 	C:\Program Files\Android\Android Studio\jbr\bin\zip.dll
0x00007ffc25cc0000 - 0x00007ffc264af000 	C:\WINDOWS\System32\SHELL32.dll
0x00007ffc23150000 - 0x00007ffc23a18000 	C:\WINDOWS\SYSTEM32\windows.storage.dll
0x00007ffc23010000 - 0x00007ffc2314e000 	C:\WINDOWS\SYSTEM32\wintypes.dll
0x00007ffc26d40000 - 0x00007ffc26e31000 	C:\WINDOWS\System32\SHCORE.dll
0x00007ffc26870000 - 0x00007ffc268ce000 	C:\WINDOWS\System32\shlwapi.dll
0x00007ffc25060000 - 0x00007ffc25081000 	C:\WINDOWS\SYSTEM32\profapi.dll
0x00007ffc208e0000 - 0x00007ffc208f9000 	C:\Program Files\Android\Android Studio\jbr\bin\net.dll
0x00007ffc1dde0000 - 0x00007ffc1df0f000 	C:\WINDOWS\SYSTEM32\WINHTTP.dll
0x00007ffc245f0000 - 0x00007ffc24659000 	C:\WINDOWS\system32\mswsock.dll
0x00007ffc208c0000 - 0x00007ffc208d3000 	C:\Program Files\Android\Android Studio\jbr\bin\nio.dll
0x00007ffb51e20000 - 0x00007ffb51e47000 	C:\Users\HP\.gradle\native\e1d6ef7f7dcc3fd88c89a11ec53ec762bb8ba0a96d01ffa2cd45eb1d1d8dd5c5\windows-amd64\native-platform.dll
0x00007ffbe72f0000 - 0x00007ffbe7434000 	C:\Users\HP\.gradle\native\0d407fdbe67a94daf76414ababcb853783967236a71b16ec16e742cd7a986fd3\windows-amd64\native-platform-file-events.dll
0x00007ffc208b0000 - 0x00007ffc208ba000 	C:\Program Files\Android\Android Studio\jbr\bin\management.dll
0x00007ffc208a0000 - 0x00007ffc208ab000 	C:\Program Files\Android\Android Studio\jbr\bin\management_ext.dll
0x00007ffc24840000 - 0x00007ffc2485b000 	C:\WINDOWS\SYSTEM32\CRYPTSP.dll
0x00007ffc240f0000 - 0x00007ffc24125000 	C:\WINDOWS\system32\rsaenh.dll
0x00007ffc246e0000 - 0x00007ffc24708000 	C:\WINDOWS\SYSTEM32\USERENV.dll
0x00007ffc24a00000 - 0x00007ffc24a28000 	C:\WINDOWS\SYSTEM32\bcrypt.dll
0x00007ffc24860000 - 0x00007ffc2486c000 	C:\WINDOWS\SYSTEM32\CRYPTBASE.dll
0x00007ffc23c70000 - 0x00007ffc23c9d000 	C:\WINDOWS\SYSTEM32\IPHLPAPI.DLL
0x00007ffc26690000 - 0x00007ffc26699000 	C:\WINDOWS\System32\NSI.dll
0x00007ffc1dcf0000 - 0x00007ffc1dd09000 	C:\WINDOWS\SYSTEM32\dhcpcsvc6.DLL
0x00007ffc1dc10000 - 0x00007ffc1dc2f000 	C:\WINDOWS\SYSTEM32\dhcpcsvc.DLL
0x00007ffc23ce0000 - 0x00007ffc23dd3000 	C:\WINDOWS\SYSTEM32\DNSAPI.dll

dbghelp: loaded successfully - version: 4.0.5 - missing functions: none
symbol engine: initialized successfully - sym options: 0x614 - pdb path: .;C:\Program Files\Android\Android Studio\jbr\bin;C:\WINDOWS\SYSTEM32;C:\WINDOWS\WinSxS\amd64_microsoft.windows.common-controls_6595b64144ccf1df_6.0.22621.608_none_a9444ca7c10bb01d;C:\Program Files\Android\Android Studio\jbr\bin\server;C:\Users\HP\.gradle\native\e1d6ef7f7dcc3fd88c89a11ec53ec762bb8ba0a96d01ffa2cd45eb1d1d8dd5c5\windows-amd64;C:\Users\HP\.gradle\native\0d407fdbe67a94daf76414ababcb853783967236a71b16ec16e742cd7a986fd3\windows-amd64

VM Arguments:
jvm_args: --add-opens=java.base/java.util=ALL-UNNAMED --add-opens=java.base/java.lang=ALL-UNNAMED --add-opens=java.base/java.lang.invoke=ALL-UNNAMED --add-opens=java.base/java.util=ALL-UNNAMED --add-opens=java.prefs/java.util.prefs=ALL-UNNAMED --add-opens=java.prefs/java.util.prefs=ALL-UNNAMED --add-opens=java.base/java.nio.charset=ALL-UNNAMED --add-opens=java.base/java.net=ALL-UNNAMED --add-opens=java.base/java.util.concurrent.atomic=ALL-UNNAMED -Xmx2048m -Dfile.encoding=UTF-8 -Duser.country=ID -Duser.language=en -Duser.variant 
java_command: org.gradle.launcher.daemon.bootstrap.GradleDaemon 7.4
java_class_path (initial): C:\Users\HP\.gradle\wrapper\dists\gradle-7.4-bin\c0gwcg53nkjbqw7r0h0umtfvt\gradle-7.4\lib\gradle-launcher-7.4.jar
Launcher Type: SUN_STANDARD

[Global flags]
     intx CICompilerCount                          = 4                                         {product} {ergonomic}
     uint ConcGCThreads                            = 2                                         {product} {ergonomic}
     uint G1ConcRefinementThreads                  = 8                                         {product} {ergonomic}
   size_t G1HeapRegionSize                         = 1048576                                   {product} {ergonomic}
    uintx GCDrainStackTargetSize                   = 64                                        {product} {ergonomic}
   size_t InitialHeapSize                          = 100663296                                 {product} {ergonomic}
   size_t MarkStackSize                            = 4194304                                   {product} {ergonomic}
   size_t MaxHeapSize                              = 2147483648                                {product} {command line}
   size_t MaxNewSize                               = 1287651328                                {product} {ergonomic}
   size_t MinHeapDeltaBytes                        = 1048576                                   {product} {ergonomic}
    uintx NonNMethodCodeHeapSize                   = 5836300                                {pd product} {ergonomic}
    uintx NonProfiledCodeHeapSize                  = 122910970                              {pd product} {ergonomic}
    uintx ProfiledCodeHeapSize                     = 122910970                              {pd product} {ergonomic}
    uintx ReservedCodeCacheSize                    = 251658240                              {pd product} {ergonomic}
     bool SegmentedCodeCache                       = true                                      {product} {ergonomic}
     bool UseCompressedClassPointers               = true                                 {lp64_product} {ergonomic}
     bool UseCompressedOops                        = true                                 {lp64_product} {ergonomic}
     bool UseG1GC                                  = true                                      {product} {ergonomic}
     bool UseLargePagesIndividualAllocation        = false                                  {pd product} {ergonomic}

Logging:
Log output configuration:
 #0: stdout all=warning uptime,level,tags
 #1: stderr all=off uptime,level,tags

Environment Variables:
PATH=C:\Program Files\Common Files\Oracle\Java\javapath;C:\Program Files (x86)\Common Files\Oracle\Java\javapath;C:\Program Files (x86)\Common Files\Intel\Shared Libraries\redist\intel64\compiler;C:\windows\system32;C:\windows;C:\windows\System32\Wbem;C:\windows\System32\WindowsPowerShell\v1.0\;C:\windows\System32\OpenSSH\;C:\Program Files (x86)\NVIDIA Corporation\PhysX\Common;C:\Program Files\NVIDIA Corporation\NVIDIA NvDLISR;C:\WINDOWS\system32;C:\WINDOWS;C:\WINDOWS\System32\Wbem;C:\WINDOWS\System32\WindowsPowerShell\v1.0\;C:\WINDOWS\System32\OpenSSH\;C:\xampp\php;C:\ProgramData\ComposerSetup\bin;C:\Program Files\Git\cmd;C:\Program Files\Git\bin\;C:\Program Files\Git\cmd\;C:\Program Files\nodejs\;C:\Program Files\heroku\bin;C:\Program Files\PuTTY\;C:\Program Files\MySQL\MySQL Shell 8.0\bin\;C:\Users\HP\AppData\Local\Programs\Python\Python39\Scripts\;C:\Users\HP\AppData\Local\Programs\Python\Python39\;C:\Users\HP\AppData\Local\Microsoft\WindowsApps;C:\Users\HP\AppData\Local\Programs\Microsoft VS Code\bin;C:\dart-sdk\bin;C:\Users\HP\AppData\Roaming\Composer\vendor\bin;C:\Users\HP\AppData\Local\GitHubDesktop\bin;C:\Users\HP\AppData\Roaming\npm;C:\Program Files\heroku\bin;C:\xampp\php;
USERNAME=HP
OS=Windows_NT
PROCESSOR_IDENTIFIER=AMD64 Family 23 Model 24 Stepping 1, AuthenticAMD



---------------  S Y S T E M  ---------------

OS: Windows 11 , 64 bit Build 22621 (10.0.22621.1194)
OS uptime: 0 days 0:33 hours

CPU:total 8 (initial active 8) (8 cores per cpu, 2 threads per core) family 23 model 24 stepping 1 microcode 0x0, cmov, cx8, fxsr, mmx, sse, sse2, sse3, ssse3, sse4.1, sse4.2, popcnt, avx, avx2, aes, clmul, mmxext, 3dnowpref, lzcnt, sse4a, ht, tsc, tscinvbit, tscinv, bmi1, bmi2, adx, sha, fma

Memory: 4k page, system-wide physical 6021M (237M free)
TotalPageFile size 16159M (AvailPageFile size 5M)
current process WorkingSet (physical memory assigned to process): 385M, peak: 387M
current process commit charge ("private bytes"): 424M, peak: 426M

vm_info: OpenJDK 64-Bit Server VM (11.0.15+0-b2043.56-9505619) for windows-amd64 JRE (11.0.15+0-b2043.56-9505619), built on Jan 19 2023 02:48:00 by "builduser" with unknown MS VC++:1929

END.
